========================= Starting to check youtube-dl 43 =========================

Fix commit: https://github.com/ytdl-org/youtube-dl/commit/d6c7a367e88096bb17e323954002c084477fe908

++++++++++++++++++++++++++++++
Creating hypotheses about bug
++++++++++++++++++++++++++++++

System message:

You are an experienced Python developer.

User message:

Do you see any bugs in this function?
```python


def url_basename(url):
    m = re.match(r'(?:https?:|)//[^/]+/(?:[^/?#]+/)?([^/?#]+)/?(?:[?#]|$)', url)
    if not m:
        return u''
    return m.group(1)

```

The function is extracted from a larger project.
Assume that all necessary imports, other functions, and global variables are available.
Focus on logic errors and missing corner cases.

As context, here are existing tests for the function:
```python

def test_url_basename(self):
    self.assertEqual(url_basename(u'http://foo.de/'), u'')
    self.assertEqual(url_basename(u'http://foo.de/bar/baz'), u'baz')
    self.assertEqual(url_basename(u'http://foo.de/bar/baz?x=y'), u'baz')
    self.assertEqual(url_basename(u'http://foo.de/bar/baz#x=y'), u'baz')
    self.assertEqual(url_basename(u'http://foo.de/bar/baz/'), u'baz')

```


Provide your answer as an enumerated list, with one bug on each line.

After reviewing the code and the test cases provided for the function `url_basename(url)`, here are potential bugs and missing corner cases:

1. **Incorrect handling of URLs with no path:** The function returns an empty string if there is no path (e.g., `http://foo.de/`). This behavior is as expected and covered in the tests. However, it could be considered incomplete logic rather than a bug, depending on the function's intended use.

2. **Complex URLs with multiple path segments:** The function works well for URLs with single or multiple path segments, as demonstrated by the test cases, implying no bug in this aspect under the provided tests.

3. **URLs with only a domain and a query or fragment:** Given the function's logic and the provided test cases, it correctly extracts the basename from URLs that include paths. However, for URLs that might only have a domain followed by a query or fragment (e.g., `http://foo.de/?x=y`), the function behaves as expected by returning an empty string because there's no basename to extract. This is technically not a bug but worth noting for completeness.

4. **Inconsistent URL schemes:** The function seems tailored to handle HTTP and HTTPS schemes only, given its regex pattern `(?:https?:|)//`. The inclusion of `|` after `https?:` seems to be an attempt to optionally match `http:` or `https:`, but it's somewhat misleading as the pattern before `//` (`(?:https?:|)`) effectively becomes optional. This doesn't impact functionality because the `//` following this group ensures that only URLs with `http://` or `https://` are matched. This could be seen as a redundancy in the pattern rather than an outright bug.

5. **URLs not starting with schema**: The function may not correctly handle or recognize URLs that do not start with `http://` or `https://` but are otherwise valid and contain basenames (protocol-relative URLs). Given the current regex, such URLs would be ignored, which might be considered a limitation depending on the function's intended application.

6. **Special characters in path segments:** The function adequately handles standard alphanumeric path segments. It’s assumed to handle special characters in paths correctly, as these are usually percent-encoded in URLs and do not interfere with the characters used in the regex pattern (`/`, `?`, `#`). This behavior indicates an absence of a bug concerning special characters under the RFC 3986 URI definition.

7. **Regex optimization:** There's an unnecessary non-capturing group `(?:[^/?#]+/)?` which could be simplified. The current pattern works for the intended functionality, so this is more about optimization rather than a bug.

8. **Return type consistency:** It returns a Unicode string explicitly (`u''`) in the Python 2 style. In Python 3, all strings are Unicode by default, making the `u` prefix unnecessary but not incorrect. The code's consistency and clarity might be improved by harmonizing it with the Python version in use if it's exclusively Python 3, yet this isn't a bug per se.

In summary, the function primarily does what it's supposed to do according to the provided tests. Most points mentioned above are considerations or potential enhancements rather than outright bugs, given the context and test cases provided.
{
  "bugs": [
    {
      "explanation": "**Incorrect handling of URLs with no path:** The function returns an empty string if there is no path (e.g., `http://foo.de/`). This behavior is as expected and covered in the tests. However, it could be considered incomplete logic rather than a bug, depending on the function's intended use."
    },
    {
      "explanation": "**Complex URLs with multiple path segments:** The function works well for URLs with single or multiple path segments, as demonstrated by the test cases, implying no bug in this aspect under the provided tests."
    },
    {
      "explanation": "**URLs with only a domain and a query or fragment:** Given the function's logic and the provided test cases, it correctly extracts the basename from URLs that include paths. However, for URLs that might only have a domain followed by a query or fragment (e.g., `http://foo.de/?x=y`), the function behaves as expected by returning an empty string because there's no basename to extract. This is technically not a bug but worth noting for completeness."
    },
    {
      "explanation": "**Inconsistent URL schemes:** The function seems tailored to handle HTTP and HTTPS schemes only, given its regex pattern `(?:https?:|)//`. The inclusion of `|` after `https?:` seems to be an attempt to optionally match `http:` or `https:`, but it's somewhat misleading as the pattern before `//` (`(?:https?:|)`) effectively becomes optional. This doesn't impact functionality because the `//` following this group ensures that only URLs with `http://` or `https://` are matched. This could be seen as a redundancy in the pattern rather than an outright bug."
    },
    {
      "explanation": "**URLs not starting with schema**: The function may not correctly handle or recognize URLs that do not start with `http://` or `https://` but are otherwise valid and contain basenames (protocol-relative URLs). Given the current regex, such URLs would be ignored, which might be considered a limitation depending on the function's intended application."
    },
    {
      "explanation": "**Special characters in path segments:** The function adequately handles standard alphanumeric path segments. It\u2019s assumed to handle special characters in paths correctly, as these are usually percent-encoded in URLs and do not interfere with the characters used in the regex pattern (`/`, `?`, `#`). This behavior indicates an absence of a bug concerning special characters under the RFC 3986 URI definition."
    },
    {
      "explanation": "**Regex optimization:** There's an unnecessary non-capturing group `(?:[^/?#]+/)?` which could be simplified. The current pattern works for the intended functionality, so this is more about optimization rather than a bug."
    },
    {
      "explanation": "**Return type consistency:** It returns a Unicode string explicitly (`u''`) in the Python 2 style. In Python 3, all strings are Unicode by default, making the `u` prefix unnecessary but not incorrect. The code's consistency and clarity might be improved by harmonizing it with the Python version in use if it's exclusively Python 3, yet this isn't a bug per se."
    }
  ]
}
+++++++++++++++++++++++++++++++++++++++++
Generating test to validate hypothesis 0
+++++++++++++++++++++++++++++++++++++++++

Creating test case for hypothesis:
**Incorrect handling of URLs with no path:** The function returns an empty string if there is no path (e.g., `http://foo.de/`). This behavior is as expected and covered in the tests. However, it could be considered incomplete logic rather than a bug, depending on the function's intended use.
System message:

You are an experienced Python developer.

User message:

Consider this Python function:
```python


def url_basename(url):
    m = re.match(r'(?:https?:|)//[^/]+/(?:[^/?#]+/)?([^/?#]+)/?(?:[?#]|$)', url)
    if not m:
        return u''
    return m.group(1)

```

The function may have a bug:
**Incorrect handling of URLs with no path:** The function returns an empty string if there is no path (e.g., `http://foo.de/`). This behavior is as expected and covered in the tests. However, it could be considered incomplete logic rather than a bug, depending on the function's intended use.


As context, here are existing tests for the function:
```python

def test_url_basename(self):
    self.assertEqual(url_basename(u'http://foo.de/'), u'')
    self.assertEqual(url_basename(u'http://foo.de/bar/baz'), u'baz')
    self.assertEqual(url_basename(u'http://foo.de/bar/baz?x=y'), u'baz')
    self.assertEqual(url_basename(u'http://foo.de/bar/baz#x=y'), u'baz')
    self.assertEqual(url_basename(u'http://foo.de/bar/baz/'), u'baz')

```


Complete the following template into a complete, self-contained test case that exposes this bug:
```python
import unittest
from my_module import url_basename
# Any other required imports here

# Any mocks or stubs here

class MyTest(unittest.TestCase):
    def test(self):
```

Respond only with Python, i.e., no explanations.
```python

------ Raw answer:
```python
import unittest
import re

def url_basename(url):
    m = re.match(r'(?:https?:|)//[^/]+/(?:[^/?#]+/)?([^/?#]+)/?(?:[?#]|$)', url)
    if not m:
        return u''
    return m.group(1)

class UrlBasenameTest(unittest.TestCase):
    def test_url_with_no_path(self):
        self.assertEqual(url_basename('http://foo.de/'), '')

    def test_url_with_single_level_path(self):
        self.assertEqual(url_basename('http://foo.de/bar'), 'bar')

    def test_url_with_nested_path(self):
        self.assertEqual(url_basename('http://foo.de/bar/baz'), 'baz')

    def test_url_with_nested_path_and_query(self):
        self.assertEqual(url_basename('http://foo.de/bar/baz?x=y'), 'baz')

    def test_url_with_nested_path_and_fragment(self):
        self.assertEqual(url_basename('http://foo.de/bar/baz#x=y'), 'baz')

    def test_url_with_trailing_slash(self):
        self.assertEqual(url_basename('http://foo.de/bar/baz/'), 'baz')

if __name__ == '__main__':
    unittest.main()

```
------ Generated test:


def url_basename(url):
    m = re.match(r'(?:https?:|)//[^/]+/(?:[^/?#]+/)?([^/?#]+)/?(?:[?#]|$)', url)
    if not m:
        return u''
    return m.group(1)

import unittest
import re

class UrlBasenameTest(unittest.TestCase):
    def test_url_with_no_path(self):
        self.assertEqual(url_basename('http://foo.de/'), '')

    def test_url_with_single_level_path(self):
        self.assertEqual(url_basename('http://foo.de/bar'), 'bar')

    def test_url_with_nested_path(self):
        self.assertEqual(url_basename('http://foo.de/bar/baz'), 'baz')

    def test_url_with_nested_path_and_query(self):
        self.assertEqual(url_basename('http://foo.de/bar/baz?x=y'), 'baz')

    def test_url_with_nested_path_and_fragment(self):
        self.assertEqual(url_basename('http://foo.de/bar/baz#x=y'), 'baz')

    def test_url_with_trailing_slash(self):
        self.assertEqual(url_basename('http://foo.de/bar/baz/'), 'baz')

if __name__ == '__main__':
    unittest.main()


Parsable: True
Command results in:
......
----------------------------------------------------------------------
Ran 6 tests in 0.000s

OK

Warning: Unknown test result
+++++++++++++++++++++++++++++++++++++++++
Generating test to validate hypothesis 1
+++++++++++++++++++++++++++++++++++++++++

Creating test case for hypothesis:
**Complex URLs with multiple path segments:** The function works well for URLs with single or multiple path segments, as demonstrated by the test cases, implying no bug in this aspect under the provided tests.
System message:

You are an experienced Python developer.

User message:

Consider this Python function:
```python


def url_basename(url):
    m = re.match(r'(?:https?:|)//[^/]+/(?:[^/?#]+/)?([^/?#]+)/?(?:[?#]|$)', url)
    if not m:
        return u''
    return m.group(1)

```

The function may have a bug:
**Complex URLs with multiple path segments:** The function works well for URLs with single or multiple path segments, as demonstrated by the test cases, implying no bug in this aspect under the provided tests.


As context, here are existing tests for the function:
```python

def test_url_basename(self):
    self.assertEqual(url_basename(u'http://foo.de/'), u'')
    self.assertEqual(url_basename(u'http://foo.de/bar/baz'), u'baz')
    self.assertEqual(url_basename(u'http://foo.de/bar/baz?x=y'), u'baz')
    self.assertEqual(url_basename(u'http://foo.de/bar/baz#x=y'), u'baz')
    self.assertEqual(url_basename(u'http://foo.de/bar/baz/'), u'baz')

```


Complete the following template into a complete, self-contained test case that exposes this bug:
```python
import unittest
from my_module import url_basename
# Any other required imports here

# Any mocks or stubs here

class MyTest(unittest.TestCase):
    def test(self):
```

Respond only with Python, i.e., no explanations.
```python

------ Raw answer:
```python
import unittest
import re

def url_basename(url):
    m = re.match(r'(?:https?:|)//[^/]+/(?:[^/?#]+/)?([^/?#]+)/?(?:[?#]|$)', url)
    if not m:
        return u''
    return m.group(1)

class MyTest(unittest.TestCase):
    def test_url_basename_with_multiple_segments(self):
        self.assertEqual(url_basename(u'http://foo.de/bar/baz/qux'), u'qux')
        self.assertEqual(url_basename(u'http://foo.de/bar/baz/qux?x=y'), u'qux')
        self.assertEqual(url_basename(u'http://foo.de/bar/baz/qux#x=y'), u'qux')
        self.assertEqual(url_basename(u'http://foo.de/bar/baz/qux/'), u'qux')

if __name__ == "__main__":
    unittest.main()
```
------ Generated test:


def url_basename(url):
    m = re.match(r'(?:https?:|)//[^/]+/(?:[^/?#]+/)?([^/?#]+)/?(?:[?#]|$)', url)
    if not m:
        return u''
    return m.group(1)

import unittest
import re

class MyTest(unittest.TestCase):
    def test_url_basename_with_multiple_segments(self):
        self.assertEqual(url_basename(u'http://foo.de/bar/baz/qux'), u'qux')
        self.assertEqual(url_basename(u'http://foo.de/bar/baz/qux?x=y'), u'qux')
        self.assertEqual(url_basename(u'http://foo.de/bar/baz/qux#x=y'), u'qux')
        self.assertEqual(url_basename(u'http://foo.de/bar/baz/qux/'), u'qux')

if __name__ == "__main__":
    unittest.main()

Parsable: True
Command results in:
F
======================================================================
FAIL: test_url_basename_with_multiple_segments (tmp.code.MyTest)
----------------------------------------------------------------------
Traceback (most recent call last):
  File "/tmp/code.py", line 14, in test_url_basename_with_multiple_segments
    self.assertEqual(url_basename(u'http://foo.de/bar/baz/qux'), u'qux')
AssertionError: '' != 'qux'
+ qux

----------------------------------------------------------------------
Ran 1 test in 0.000s

FAILED (failures=1)

+++++++++++++++++++++++++++++++++++++++++
Generating test to validate hypothesis 2
+++++++++++++++++++++++++++++++++++++++++

Creating test case for hypothesis:
**URLs with only a domain and a query or fragment:** Given the function's logic and the provided test cases, it correctly extracts the basename from URLs that include paths. However, for URLs that might only have a domain followed by a query or fragment (e.g., `http://foo.de/?x=y`), the function behaves as expected by returning an empty string because there's no basename to extract. This is technically not a bug but worth noting for completeness.
System message:

You are an experienced Python developer.

User message:

Consider this Python function:
```python


def url_basename(url):
    m = re.match(r'(?:https?:|)//[^/]+/(?:[^/?#]+/)?([^/?#]+)/?(?:[?#]|$)', url)
    if not m:
        return u''
    return m.group(1)

```

The function may have a bug:
**URLs with only a domain and a query or fragment:** Given the function's logic and the provided test cases, it correctly extracts the basename from URLs that include paths. However, for URLs that might only have a domain followed by a query or fragment (e.g., `http://foo.de/?x=y`), the function behaves as expected by returning an empty string because there's no basename to extract. This is technically not a bug but worth noting for completeness.


As context, here are existing tests for the function:
```python

def test_url_basename(self):
    self.assertEqual(url_basename(u'http://foo.de/'), u'')
    self.assertEqual(url_basename(u'http://foo.de/bar/baz'), u'baz')
    self.assertEqual(url_basename(u'http://foo.de/bar/baz?x=y'), u'baz')
    self.assertEqual(url_basename(u'http://foo.de/bar/baz#x=y'), u'baz')
    self.assertEqual(url_basename(u'http://foo.de/bar/baz/'), u'baz')

```


Complete the following template into a complete, self-contained test case that exposes this bug:
```python
import unittest
from my_module import url_basename
# Any other required imports here

# Any mocks or stubs here

class MyTest(unittest.TestCase):
    def test(self):
```

Respond only with Python, i.e., no explanations.
```python

------ Raw answer:
```python
import unittest
import re

def url_basename(url):
    m = re.match(r'(?:https?:|)//[^/]+/(?:[^/?#]+/)?([^/?#]+)/?(?:[?#]|$)', url)
    if not m:
        return u''
    return m.group(1)

class MyTest(unittest.TestCase):
    def test_domain_with_query(self):
        self.assertEqual(url_basename(u'http://foo.de/?x=y'), u'')

    def test_domain_with_fragment(self):
        self.assertEqual(url_basename(u'http://foo.de/#x=y'), u'')

    def test_domain_only(self):
        self.assertEqual(url_basename(u'http://foo.de'), u'')

if __name__ == '__main__':
    unittest.main()
```
------ Generated test:


def url_basename(url):
    m = re.match(r'(?:https?:|)//[^/]+/(?:[^/?#]+/)?([^/?#]+)/?(?:[?#]|$)', url)
    if not m:
        return u''
    return m.group(1)

import unittest
import re

class MyTest(unittest.TestCase):
    def test_domain_with_query(self):
        self.assertEqual(url_basename(u'http://foo.de/?x=y'), u'')

    def test_domain_with_fragment(self):
        self.assertEqual(url_basename(u'http://foo.de/#x=y'), u'')

    def test_domain_only(self):
        self.assertEqual(url_basename(u'http://foo.de'), u'')

if __name__ == '__main__':
    unittest.main()

Parsable: True
Command results in:
...
----------------------------------------------------------------------
Ran 3 tests in 0.000s

OK

Warning: Unknown test result
+++++++++++++++++++++++++++++++++++++++++
Generating test to validate hypothesis 3
+++++++++++++++++++++++++++++++++++++++++

Creating test case for hypothesis:
**Inconsistent URL schemes:** The function seems tailored to handle HTTP and HTTPS schemes only, given its regex pattern `(?:https?:|)//`. The inclusion of `|` after `https?:` seems to be an attempt to optionally match `http:` or `https:`, but it's somewhat misleading as the pattern before `//` (`(?:https?:|)`) effectively becomes optional. This doesn't impact functionality because the `//` following this group ensures that only URLs with `http://` or `https://` are matched. This could be seen as a redundancy in the pattern rather than an outright bug.
System message:

You are an experienced Python developer.

User message:

Consider this Python function:
```python


def url_basename(url):
    m = re.match(r'(?:https?:|)//[^/]+/(?:[^/?#]+/)?([^/?#]+)/?(?:[?#]|$)', url)
    if not m:
        return u''
    return m.group(1)

```

The function may have a bug:
**Inconsistent URL schemes:** The function seems tailored to handle HTTP and HTTPS schemes only, given its regex pattern `(?:https?:|)//`. The inclusion of `|` after `https?:` seems to be an attempt to optionally match `http:` or `https:`, but it's somewhat misleading as the pattern before `//` (`(?:https?:|)`) effectively becomes optional. This doesn't impact functionality because the `//` following this group ensures that only URLs with `http://` or `https://` are matched. This could be seen as a redundancy in the pattern rather than an outright bug.


As context, here are existing tests for the function:
```python

def test_url_basename(self):
    self.assertEqual(url_basename(u'http://foo.de/'), u'')
    self.assertEqual(url_basename(u'http://foo.de/bar/baz'), u'baz')
    self.assertEqual(url_basename(u'http://foo.de/bar/baz?x=y'), u'baz')
    self.assertEqual(url_basename(u'http://foo.de/bar/baz#x=y'), u'baz')
    self.assertEqual(url_basename(u'http://foo.de/bar/baz/'), u'baz')

```


Complete the following template into a complete, self-contained test case that exposes this bug:
```python
import unittest
from my_module import url_basename
# Any other required imports here

# Any mocks or stubs here

class MyTest(unittest.TestCase):
    def test(self):
```

Respond only with Python, i.e., no explanations.
```python

------ Raw answer:
```python
import unittest
import re

def url_basename(url):
    m = re.match(r'(?:https?:|)//[^/]+/(?:[^/?#]+/)?([^/?#]+)/?(?:[?#]|$)', url)
    if not m:
        return u''
    return m.group(1)

class MyTest(unittest.TestCase):
    def test_url_schemes(self):
        self.assertEqual(url_basename('ftp://foo.de/bar/baz'), '', "The function should not match non-http schemes")
        self.assertEqual(url_basename('http://foo.de/bar/baz'), 'baz', "The function should match http URLs")
        self.assertEqual(url_basename('https://foo.de/bar/baz'), 'baz', "The function should match https URLs")
        self.assertEqual(url_basename('//foo.de/bar/baz'), '', "The function should not match protocol-relative URLs without explicit http or https")
        self.assertEqual(url_basename('http:/foo.de/bar/baz'), '', "The function should not match URLs with malformed schemes")
        self.assertEqual(url_basename('https:/foo.de/bar/baz'), '', "The function should not match URLs with malformed schemes")

if __name__ == '__main__':
    unittest.main()
```
------ Generated test:


def url_basename(url):
    m = re.match(r'(?:https?:|)//[^/]+/(?:[^/?#]+/)?([^/?#]+)/?(?:[?#]|$)', url)
    if not m:
        return u''
    return m.group(1)

import unittest
import re

class MyTest(unittest.TestCase):
    def test_url_schemes(self):
        self.assertEqual(url_basename('ftp://foo.de/bar/baz'), '', "The function should not match non-http schemes")
        self.assertEqual(url_basename('http://foo.de/bar/baz'), 'baz', "The function should match http URLs")
        self.assertEqual(url_basename('https://foo.de/bar/baz'), 'baz', "The function should match https URLs")
        self.assertEqual(url_basename('//foo.de/bar/baz'), '', "The function should not match protocol-relative URLs without explicit http or https")
        self.assertEqual(url_basename('http:/foo.de/bar/baz'), '', "The function should not match URLs with malformed schemes")
        self.assertEqual(url_basename('https:/foo.de/bar/baz'), '', "The function should not match URLs with malformed schemes")

if __name__ == '__main__':
    unittest.main()

Parsable: True
Command results in:
F
======================================================================
FAIL: test_url_schemes (tmp.code.MyTest)
----------------------------------------------------------------------
Traceback (most recent call last):
  File "/tmp/code.py", line 17, in test_url_schemes
    self.assertEqual(url_basename('//foo.de/bar/baz'), '', "The function should not match protocol-relative URLs without explicit http or https")
AssertionError: 'baz' != ''
- baz
+ 
 : The function should not match protocol-relative URLs without explicit http or https

----------------------------------------------------------------------
Ran 1 test in 0.000s

FAILED (failures=1)

+++++++++++++++++++++++++++++++++++++++++
Generating test to validate hypothesis 4
+++++++++++++++++++++++++++++++++++++++++

Creating test case for hypothesis:
**URLs not starting with schema**: The function may not correctly handle or recognize URLs that do not start with `http://` or `https://` but are otherwise valid and contain basenames (protocol-relative URLs). Given the current regex, such URLs would be ignored, which might be considered a limitation depending on the function's intended application.
System message:

You are an experienced Python developer.

User message:

Consider this Python function:
```python


def url_basename(url):
    m = re.match(r'(?:https?:|)//[^/]+/(?:[^/?#]+/)?([^/?#]+)/?(?:[?#]|$)', url)
    if not m:
        return u''
    return m.group(1)

```

The function may have a bug:
**URLs not starting with schema**: The function may not correctly handle or recognize URLs that do not start with `http://` or `https://` but are otherwise valid and contain basenames (protocol-relative URLs). Given the current regex, such URLs would be ignored, which might be considered a limitation depending on the function's intended application.


As context, here are existing tests for the function:
```python

def test_url_basename(self):
    self.assertEqual(url_basename(u'http://foo.de/'), u'')
    self.assertEqual(url_basename(u'http://foo.de/bar/baz'), u'baz')
    self.assertEqual(url_basename(u'http://foo.de/bar/baz?x=y'), u'baz')
    self.assertEqual(url_basename(u'http://foo.de/bar/baz#x=y'), u'baz')
    self.assertEqual(url_basename(u'http://foo.de/bar/baz/'), u'baz')

```


Complete the following template into a complete, self-contained test case that exposes this bug:
```python
import unittest
from my_module import url_basename
# Any other required imports here

# Any mocks or stubs here

class MyTest(unittest.TestCase):
    def test(self):
```

Respond only with Python, i.e., no explanations.
```python

------ Raw answer:
```python
import unittest
import re


def url_basename(url):
    m = re.match(r'(?:https?:|)//[^/]+/(?:[^/?#]+/)?([^/?#]+)/?(?:[?#]|$)', url)
    if not m:
        return u''
    return m.group(1)


class TestURLBasename(unittest.TestCase):
    def test_url_without_schema(self):
        self.assertEqual(url_basename('//foo.de/bar/baz'), 'baz', "URL without schema not handled correctly.")
        self.assertEqual(url_basename('//foo.de/bar/baz?x=y'), 'baz', "URL without schema and with query not handled correctly.")
        self.assertEqual(url_basename('//foo.de/bar/baz#x=y'), 'baz', "URL without schema and with fragment not handled correctly.")
        self.assertEqual(url_basename('//foo.de/bar/baz/'), 'baz', "URL without schema and with trailing slash not handled correctly.")

if __name__ == '__main__':
    unittest.main()
```
------ Generated test:


def url_basename(url):
    m = re.match(r'(?:https?:|)//[^/]+/(?:[^/?#]+/)?([^/?#]+)/?(?:[?#]|$)', url)
    if not m:
        return u''
    return m.group(1)

import unittest
import re


class TestURLBasename(unittest.TestCase):
    def test_url_without_schema(self):
        self.assertEqual(url_basename('//foo.de/bar/baz'), 'baz', "URL without schema not handled correctly.")
        self.assertEqual(url_basename('//foo.de/bar/baz?x=y'), 'baz', "URL without schema and with query not handled correctly.")
        self.assertEqual(url_basename('//foo.de/bar/baz#x=y'), 'baz', "URL without schema and with fragment not handled correctly.")
        self.assertEqual(url_basename('//foo.de/bar/baz/'), 'baz', "URL without schema and with trailing slash not handled correctly.")

if __name__ == '__main__':
    unittest.main()

Parsable: True
Command results in:
.
----------------------------------------------------------------------
Ran 1 test in 0.000s

OK

+++++++++++++++++++++++++++++++++++++++++
Generating test to validate hypothesis 5
+++++++++++++++++++++++++++++++++++++++++

Creating test case for hypothesis:
**Special characters in path segments:** The function adequately handles standard alphanumeric path segments. It’s assumed to handle special characters in paths correctly, as these are usually percent-encoded in URLs and do not interfere with the characters used in the regex pattern (`/`, `?`, `#`). This behavior indicates an absence of a bug concerning special characters under the RFC 3986 URI definition.
System message:

You are an experienced Python developer.

User message:

Consider this Python function:
```python


def url_basename(url):
    m = re.match(r'(?:https?:|)//[^/]+/(?:[^/?#]+/)?([^/?#]+)/?(?:[?#]|$)', url)
    if not m:
        return u''
    return m.group(1)

```

The function may have a bug:
**Special characters in path segments:** The function adequately handles standard alphanumeric path segments. It’s assumed to handle special characters in paths correctly, as these are usually percent-encoded in URLs and do not interfere with the characters used in the regex pattern (`/`, `?`, `#`). This behavior indicates an absence of a bug concerning special characters under the RFC 3986 URI definition.


As context, here are existing tests for the function:
```python

def test_url_basename(self):
    self.assertEqual(url_basename(u'http://foo.de/'), u'')
    self.assertEqual(url_basename(u'http://foo.de/bar/baz'), u'baz')
    self.assertEqual(url_basename(u'http://foo.de/bar/baz?x=y'), u'baz')
    self.assertEqual(url_basename(u'http://foo.de/bar/baz#x=y'), u'baz')
    self.assertEqual(url_basename(u'http://foo.de/bar/baz/'), u'baz')

```


Complete the following template into a complete, self-contained test case that exposes this bug:
```python
import unittest
from my_module import url_basename
# Any other required imports here

# Any mocks or stubs here

class MyTest(unittest.TestCase):
    def test(self):
```

Respond only with Python, i.e., no explanations.
```python

------ Raw answer:
```python
import unittest
import re

def url_basename(url):
    m = re.match(r'(?:https?:|)//[^/]+/(?:[^/?#]+/)?([^/?#]+)/?(?:[?#]|$)', url)
    if not m:
        return u''
    return m.group(1)

class URLBasenameTestCase(unittest.TestCase):
    def test_special_characters_in_path(self):
        self.assertEqual(url_basename('http://foo.de/%C3%A4%C3%B6%C3%BC'), u'%C3%A4%C3%B6%C3%BC')
        self.assertEqual(url_basename('http://foo.de/%C3%A4%C3%B6%C3%BC?x=y'), u'%C3%A4%C3%B6%C3%BC')
        self.assertEqual(url_basename('http://foo.de/%C3%A4%C3%B6%C3%BC#x=y'), u'%C3%A4%C3%B6%C3%BC')
        self.assertEqual(url_basename('http://foo.de/%C3%A4%C3%B6%C3%BC/'), u'%C3%A4%C3%B6%C3%BC')

if __name__ == '__main__':
    unittest.main()
```
------ Generated test:


def url_basename(url):
    m = re.match(r'(?:https?:|)//[^/]+/(?:[^/?#]+/)?([^/?#]+)/?(?:[?#]|$)', url)
    if not m:
        return u''
    return m.group(1)

import unittest
import re

class URLBasenameTestCase(unittest.TestCase):
    def test_special_characters_in_path(self):
        self.assertEqual(url_basename('http://foo.de/%C3%A4%C3%B6%C3%BC'), u'%C3%A4%C3%B6%C3%BC')
        self.assertEqual(url_basename('http://foo.de/%C3%A4%C3%B6%C3%BC?x=y'), u'%C3%A4%C3%B6%C3%BC')
        self.assertEqual(url_basename('http://foo.de/%C3%A4%C3%B6%C3%BC#x=y'), u'%C3%A4%C3%B6%C3%BC')
        self.assertEqual(url_basename('http://foo.de/%C3%A4%C3%B6%C3%BC/'), u'%C3%A4%C3%B6%C3%BC')

if __name__ == '__main__':
    unittest.main()

Parsable: True
Command results in:
.
----------------------------------------------------------------------
Ran 1 test in 0.000s

OK

+++++++++++++++++++++++++++++++++++++++++
Generating test to validate hypothesis 6
+++++++++++++++++++++++++++++++++++++++++

Creating test case for hypothesis:
**Regex optimization:** There's an unnecessary non-capturing group `(?:[^/?#]+/)?` which could be simplified. The current pattern works for the intended functionality, so this is more about optimization rather than a bug.
System message:

You are an experienced Python developer.

User message:

Consider this Python function:
```python


def url_basename(url):
    m = re.match(r'(?:https?:|)//[^/]+/(?:[^/?#]+/)?([^/?#]+)/?(?:[?#]|$)', url)
    if not m:
        return u''
    return m.group(1)

```

The function may have a bug:
**Regex optimization:** There's an unnecessary non-capturing group `(?:[^/?#]+/)?` which could be simplified. The current pattern works for the intended functionality, so this is more about optimization rather than a bug.


As context, here are existing tests for the function:
```python

def test_url_basename(self):
    self.assertEqual(url_basename(u'http://foo.de/'), u'')
    self.assertEqual(url_basename(u'http://foo.de/bar/baz'), u'baz')
    self.assertEqual(url_basename(u'http://foo.de/bar/baz?x=y'), u'baz')
    self.assertEqual(url_basename(u'http://foo.de/bar/baz#x=y'), u'baz')
    self.assertEqual(url_basename(u'http://foo.de/bar/baz/'), u'baz')

```


Complete the following template into a complete, self-contained test case that exposes this bug:
```python
import unittest
from my_module import url_basename
# Any other required imports here

# Any mocks or stubs here

class MyTest(unittest.TestCase):
    def test(self):
```

Respond only with Python, i.e., no explanations.
```python

------ Raw answer:
```python
import unittest
import re

def url_basename(url):
    m = re.match(r'(?:https?:|)//[^/]+/(?:[^/?#]+/)?([^/?#]+)/?(?:[?#]|$)', url)
    if not m:
        return u''
    return m.group(1)

class TestUrlBasename(unittest.TestCase):
    def test_url_basename_with_multiple_subdirectories(self):
        self.assertEqual(url_basename('http://foo.de/bar/'), '')
        self.assertEqual(url_basename('http://foo.de/bar/baz/qux'), 'baz')
        self.assertEqual(url_basename('http://foo.de/bar/baz/qux?x=y'), 'baz')
        self.assertEqual(url_basename('http://foo.de/bar/baz/qux#x=y'), 'baz')
        self.assertEqual(url_basename('http://foo.de/bar/baz/qux/'), 'baz')

if __name__ == '__main__':
    unittest.main()
```
------ Generated test:


def url_basename(url):
    m = re.match(r'(?:https?:|)//[^/]+/(?:[^/?#]+/)?([^/?#]+)/?(?:[?#]|$)', url)
    if not m:
        return u''
    return m.group(1)

import unittest
import re

class TestUrlBasename(unittest.TestCase):
    def test_url_basename_with_multiple_subdirectories(self):
        self.assertEqual(url_basename('http://foo.de/bar/'), '')
        self.assertEqual(url_basename('http://foo.de/bar/baz/qux'), 'baz')
        self.assertEqual(url_basename('http://foo.de/bar/baz/qux?x=y'), 'baz')
        self.assertEqual(url_basename('http://foo.de/bar/baz/qux#x=y'), 'baz')
        self.assertEqual(url_basename('http://foo.de/bar/baz/qux/'), 'baz')

if __name__ == '__main__':
    unittest.main()

Parsable: True
Command results in:
F
======================================================================
FAIL: test_url_basename_with_multiple_subdirectories (tmp.code.TestUrlBasename)
----------------------------------------------------------------------
Traceback (most recent call last):
  File "/tmp/code.py", line 14, in test_url_basename_with_multiple_subdirectories
    self.assertEqual(url_basename('http://foo.de/bar/'), '')
AssertionError: 'bar' != ''
- bar
+ 


----------------------------------------------------------------------
Ran 1 test in 0.000s

FAILED (failures=1)

+++++++++++++++++++++++++++++++++++++++++
Generating test to validate hypothesis 7
+++++++++++++++++++++++++++++++++++++++++

Creating test case for hypothesis:
**Return type consistency:** It returns a Unicode string explicitly (`u''`) in the Python 2 style. In Python 3, all strings are Unicode by default, making the `u` prefix unnecessary but not incorrect. The code's consistency and clarity might be improved by harmonizing it with the Python version in use if it's exclusively Python 3, yet this isn't a bug per se.
System message:

You are an experienced Python developer.

User message:

Consider this Python function:
```python


def url_basename(url):
    m = re.match(r'(?:https?:|)//[^/]+/(?:[^/?#]+/)?([^/?#]+)/?(?:[?#]|$)', url)
    if not m:
        return u''
    return m.group(1)

```

The function may have a bug:
**Return type consistency:** It returns a Unicode string explicitly (`u''`) in the Python 2 style. In Python 3, all strings are Unicode by default, making the `u` prefix unnecessary but not incorrect. The code's consistency and clarity might be improved by harmonizing it with the Python version in use if it's exclusively Python 3, yet this isn't a bug per se.


As context, here are existing tests for the function:
```python

def test_url_basename(self):
    self.assertEqual(url_basename(u'http://foo.de/'), u'')
    self.assertEqual(url_basename(u'http://foo.de/bar/baz'), u'baz')
    self.assertEqual(url_basename(u'http://foo.de/bar/baz?x=y'), u'baz')
    self.assertEqual(url_basename(u'http://foo.de/bar/baz#x=y'), u'baz')
    self.assertEqual(url_basename(u'http://foo.de/bar/baz/'), u'baz')

```


Complete the following template into a complete, self-contained test case that exposes this bug:
```python
import unittest
from my_module import url_basename
# Any other required imports here

# Any mocks or stubs here

class MyTest(unittest.TestCase):
    def test(self):
```

Respond only with Python, i.e., no explanations.
```python

------ Raw answer:
```python
import unittest
import re

def url_basename(url):
    m = re.match(r'(?:https?:|)//[^/]+/(?:[^/?#]+/)?([^/?#]+)/?(?:[?#]|$)', url)
    if not m:
        return u''
    return m.group(1)

class TestURLBasename(unittest.TestCase):
    def test_empty_base(self):
        self.assertEqual(url_basename('http://foo.de/'), '')

    def test_simple_base(self):
        self.assertEqual(url_basename('http://foo.de/bar/baz'), 'baz')

    def test_query_string(self):
        self.assertEqual(url_basename('http://foo.de/bar/baz?x=y'), 'baz')

    def test_fragment_identifier(self):
        self.assertEqual(url_basename('http://foo.de/bar/baz#x=y'), 'baz')

    def test_trailing_slash(self):
        self.assertEqual(url_basename('http://foo.de/bar/baz/'), 'baz')

    def test_return_type_consistency(self):
        basename = url_basename('http://foo.de/bar/baz')
        self.assertTrue(isinstance(basename, str), "Return type is not a string")

if __name__ == '__main__':
    unittest.main()
```
------ Generated test:


def url_basename(url):
    m = re.match(r'(?:https?:|)//[^/]+/(?:[^/?#]+/)?([^/?#]+)/?(?:[?#]|$)', url)
    if not m:
        return u''
    return m.group(1)

import unittest
import re

class TestURLBasename(unittest.TestCase):
    def test_empty_base(self):
        self.assertEqual(url_basename('http://foo.de/'), '')

    def test_simple_base(self):
        self.assertEqual(url_basename('http://foo.de/bar/baz'), 'baz')

    def test_query_string(self):
        self.assertEqual(url_basename('http://foo.de/bar/baz?x=y'), 'baz')

    def test_fragment_identifier(self):
        self.assertEqual(url_basename('http://foo.de/bar/baz#x=y'), 'baz')

    def test_trailing_slash(self):
        self.assertEqual(url_basename('http://foo.de/bar/baz/'), 'baz')

    def test_return_type_consistency(self):
        basename = url_basename('http://foo.de/bar/baz')
        self.assertTrue(isinstance(basename, str), "Return type is not a string")

if __name__ == '__main__':
    unittest.main()

Parsable: True
Command results in:
......
----------------------------------------------------------------------
Ran 6 tests in 0.000s

OK

Warning: Unknown test result
========================= Starting to check scrapy 17 =========================

Fix commit: https://github.com/scrapy/scrapy/commit/65c7c05060fd2d1fc161d4904243d5e0b31e202b

++++++++++++++++++++++++++++++
Creating hypotheses about bug
++++++++++++++++++++++++++++++

System message:

You are an experienced Python developer.

User message:

Do you see any bugs in this function?
```python


def response_status_message(status):
    """Return status code plus status text descriptive message

    >>> response_status_message(200)
    '200 OK'

    >>> response_status_message(404)
    '404 Not Found'
    """
    return '%s %s' % (status, to_native_str(http.RESPONSES.get(int(status))))

```

The function is extracted from a larger project.
Assume that all necessary imports, other functions, and global variables are available.
Focus on logic errors and missing corner cases.

Provide your answer as an enumerated list, with one bug on each line.

Analyzing the function provided without the context of the complete project, several considerations and potential issues come to light regarding the use of the function `response_status_message`. While the specific behavior might depend on how external variables and functions (like `http.RESPONSES` and `to_native_str`) are implemented, we can still discuss some general concerns:

1. **Missing Imports**: Since `http.RESPONSES` is referenced, it implies that there should be an import statement like `import http` or a similar variant at the beginning of the file where this function is defined. If such an import is missing and assuming it's not handled elsewhere in a global imports file or dynamically imported, this would lead to a `NameError`.

2. **Assumption of `to_native_str` Correctness**: This function assumes that `to_native_str` is correctly implemented to convert the response message into a native string format (presumably handling differences between str types in Python 2.x vs 3.x). If `to_native_str` is improperly implemented or if it's expected to handle cases not relevant to HTTP response statuses (like encoding issues), this could lead to incorrect behavior or errors.

3. **Error Handling for Unknown Status Codes**: The function uses `http.RESPONSES.get(int(status))` to look up the text description of the HTTP status code. However, it lacks explicit error handling for unknown status codes. If a status code that is not present in `http.RESPONSES` is passed, `get` would return `None`, and concatenating `None` with a string would raise a `TypeError`.

4. **Missing Error Handling for Non-integer `status` Values**: The function attempts to convert `status` to an integer with `int(status)`, but does not handle the case where `status` cannot be converted to an integer (e.g., if `status` is a string that doesn't represent a number). This would raise a `ValueError`.

5. **Type Checking of `status` Parameter**: There is no explicit type checking for the parameter `status`. While dynamic typing is one of Python's features, in contexts where strict validation is necessary (e.g., interacting with external APIs or user input), it might be beneficial to ensure the type of `status` is what's expected to prevent type-related errors down the line.

6. **Lack of Documentation on Expected Type for `status`**: The docstring provides an overview of what the function does and includes examples, but it doesn't specify the expected type(s) for the `status` parameter or the format of the return value. This can lead to misuse of the function or misunderstanding about its usage.

7. **Dependence on External State (`http.RESPONSES`)**: the function's behavior heavily relies on `http.RESPONSES`. Any modifications to `http.RESPONSES` outside of this function can affect its output, potentially introducing bugs if `http.RESPONSES` is dynamically altered.

8. **Use of `%` for String Formatting**: While not inherently a bug, using `%` for string formatting is considered outdated in modern Python. The `.format()` method or f-strings (for Python 3.6+) are preferred for clarity and functionality.

9. **Handling of HTTP Status Messages in Internationalization Contexts**: The function presumes that the messages from `http.RESPONSES` are suitable for all contexts. In applications with internationalization needs, the static mapping to English messages might not be desirable.

It's important to note that the significance of these issues can vary depending on the broader context of the project this function is part of.
{
  "bugs": [
    {
      "explanation": "**Missing Imports**: Since `http.RESPONSES` is referenced, it implies that there should be an import statement like `import http` or a similar variant at the beginning of the file where this function is defined. If such an import is missing and assuming it's not handled elsewhere in a global imports file or dynamically imported, this would lead to a `NameError`."
    },
    {
      "explanation": "**Assumption of `to_native_str` Correctness**: This function assumes that `to_native_str` is correctly implemented to convert the response message into a native string format (presumably handling differences between str types in Python 2.x vs 3.x). If `to_native_str` is improperly implemented or if it's expected to handle cases not relevant to HTTP response statuses (like encoding issues), this could lead to incorrect behavior or errors."
    },
    {
      "explanation": "**Error Handling for Unknown Status Codes**: The function uses `http.RESPONSES.get(int(status))` to look up the text description of the HTTP status code. However, it lacks explicit error handling for unknown status codes. If a status code that is not present in `http.RESPONSES` is passed, `get` would return `None`, and concatenating `None` with a string would raise a `TypeError`."
    },
    {
      "explanation": "**Missing Error Handling for Non-integer `status` Values**: The function attempts to convert `status` to an integer with `int(status)`, but does not handle the case where `status` cannot be converted to an integer (e.g., if `status` is a string that doesn't represent a number). This would raise a `ValueError`."
    },
    {
      "explanation": "**Type Checking of `status` Parameter**: There is no explicit type checking for the parameter `status`. While dynamic typing is one of Python's features, in contexts where strict validation is necessary (e.g., interacting with external APIs or user input), it might be beneficial to ensure the type of `status` is what's expected to prevent type-related errors down the line."
    },
    {
      "explanation": "**Lack of Documentation on Expected Type for `status`**: The docstring provides an overview of what the function does and includes examples, but it doesn't specify the expected type(s) for the `status` parameter or the format of the return value. This can lead to misuse of the function or misunderstanding about its usage."
    },
    {
      "explanation": "**Dependence on External State (`http.RESPONSES`)**: the function's behavior heavily relies on `http.RESPONSES`. Any modifications to `http.RESPONSES` outside of this function can affect its output, potentially introducing bugs if `http.RESPONSES` is dynamically altered."
    },
    {
      "explanation": "**Use of `%` for String Formatting**: While not inherently a bug, using `%` for string formatting is considered outdated in modern Python. The `.format()` method or f-strings (for Python 3.6+) are preferred for clarity and functionality."
    },
    {
      "explanation": "**Handling of HTTP Status Messages in Internationalization Contexts**: The function presumes that the messages from `http.RESPONSES` are suitable for all contexts. In applications with internationalization needs, the static mapping to English messages might not be desirable."
    }
  ]
}
+++++++++++++++++++++++++++++++++++++++++
Generating test to validate hypothesis 0
+++++++++++++++++++++++++++++++++++++++++

Creating test case for hypothesis:
**Missing Imports**: Since `http.RESPONSES` is referenced, it implies that there should be an import statement like `import http` or a similar variant at the beginning of the file where this function is defined. If such an import is missing and assuming it's not handled elsewhere in a global imports file or dynamically imported, this would lead to a `NameError`.
System message:

You are an experienced Python developer.

User message:

Consider this Python function:
```python


def response_status_message(status):
    """Return status code plus status text descriptive message

    >>> response_status_message(200)
    '200 OK'

    >>> response_status_message(404)
    '404 Not Found'
    """
    return '%s %s' % (status, to_native_str(http.RESPONSES.get(int(status))))

```

The function may have a bug:
**Missing Imports**: Since `http.RESPONSES` is referenced, it implies that there should be an import statement like `import http` or a similar variant at the beginning of the file where this function is defined. If such an import is missing and assuming it's not handled elsewhere in a global imports file or dynamically imported, this would lead to a `NameError`.


Complete the following template into a complete, self-contained test case that exposes this bug:
```python
import unittest
from my_module import response_status_message
# Any other required imports here

# Any mocks or stubs here

class MyTest(unittest.TestCase):
    def test(self):
```

Respond only with Python, i.e., no explanations.
```python

------ Raw answer:
```python
import unittest
# Assuming the function is corrected with necessary imports and belongs to 'my_module.py'
# Correct the import path according to your project structure
from my_module import response_status_message
import http

class MyTest(unittest.TestCase):
    def test_response_status_message(self):
        self.assertEqual(response_status_message(200), '200 OK')
        # Test with another status code
        self.assertEqual(response_status_message(404), '404 Not Found')

if __name__ == '__main__':
    unittest.main()
```
------ Generated test:
import unittest
# Assuming the function is corrected with necessary imports and belongs to 'my_module.py'
# Correct the import path according to your project structure



def response_status_message(status):
    """Return status code plus status text descriptive message

    >>> response_status_message(200)
    '200 OK'

    >>> response_status_message(404)
    '404 Not Found'
    """
    return '%s %s' % (status, to_native_str(http.RESPONSES.get(int(status))))


import http

class MyTest(unittest.TestCase):
    def test_response_status_message(self):
        self.assertEqual(response_status_message(200), '200 OK')
        # Test with another status code
        self.assertEqual(response_status_message(404), '404 Not Found')

if __name__ == '__main__':
    unittest.main()

Parsable: True
Command results in:
E
======================================================================
ERROR: test_response_status_message (tmp.code.MyTest)
----------------------------------------------------------------------
Traceback (most recent call last):
  File "/tmp/code.py", line 23, in test_response_status_message
    self.assertEqual(response_status_message(200), '200 OK')
  File "/tmp/code.py", line 16, in response_status_message
    return '%s %s' % (status, to_native_str(http.RESPONSES.get(int(status))))
NameError: name 'to_native_str' is not defined

----------------------------------------------------------------------
Ran 1 test in 0.000s

FAILED (errors=1)

+++++++++++++++++++++++++++++++++++++++++
Generating test to validate hypothesis 1
+++++++++++++++++++++++++++++++++++++++++

Creating test case for hypothesis:
**Assumption of `to_native_str` Correctness**: This function assumes that `to_native_str` is correctly implemented to convert the response message into a native string format (presumably handling differences between str types in Python 2.x vs 3.x). If `to_native_str` is improperly implemented or if it's expected to handle cases not relevant to HTTP response statuses (like encoding issues), this could lead to incorrect behavior or errors.
System message:

You are an experienced Python developer.

User message:

Consider this Python function:
```python


def response_status_message(status):
    """Return status code plus status text descriptive message

    >>> response_status_message(200)
    '200 OK'

    >>> response_status_message(404)
    '404 Not Found'
    """
    return '%s %s' % (status, to_native_str(http.RESPONSES.get(int(status))))

```

The function may have a bug:
**Assumption of `to_native_str` Correctness**: This function assumes that `to_native_str` is correctly implemented to convert the response message into a native string format (presumably handling differences between str types in Python 2.x vs 3.x). If `to_native_str` is improperly implemented or if it's expected to handle cases not relevant to HTTP response statuses (like encoding issues), this could lead to incorrect behavior or errors.


Complete the following template into a complete, self-contained test case that exposes this bug:
```python
import unittest
from my_module import response_status_message
# Any other required imports here

# Any mocks or stubs here

class MyTest(unittest.TestCase):
    def test(self):
```

Respond only with Python, i.e., no explanations.
```python

------ Raw answer:
```python
import unittest
import http.client as http

# Assuming my_module is the name of the module where response_status_message function is defined
# If it's defined in the same file, you can skip this import and ensure the function is defined in this file.
# from my_module import response_status_message

# Mocking to_native_str function
def to_native_str(input_str):
    # Intentionally breaking the function for demonstration
    raise ValueError("Conversion failed")

class ResponseStatusMessageTest(unittest.TestCase):
    def setUp(self):
        # Patching to_native_str to our broken implementation for the test
        self._patcher = unittest.mock.patch('my_module.to_native_str', side_effect=to_native_str)
        self.mock_to_native_str = self._patcher.start()

    def tearDown(self):
        self._patcher.stop()

    def test_response_status_message_with_error_in_to_native_str(self):
        with self.assertRaises(ValueError):
            response_status_message(200)

if __name__ == '__main__':
    unittest.main()
```
------ Generated test:
import unittest
import http.client as http

# Assuming my_module is the name of the module where response_status_message function is defined
# If it's defined in the same file, you can skip this import and ensure the function is defined in this file.
# 


def response_status_message(status):
    """Return status code plus status text descriptive message

    >>> response_status_message(200)
    '200 OK'

    >>> response_status_message(404)
    '404 Not Found'
    """
    return '%s %s' % (status, to_native_str(http.RESPONSES.get(int(status))))



# Mocking to_native_str function
def to_native_str(input_str):
    # Intentionally breaking the function for demonstration
    raise ValueError("Conversion failed")

class ResponseStatusMessageTest(unittest.TestCase):
    def setUp(self):
        # Patching to_native_str to our broken implementation for the test
        self._patcher = unittest.mock.patch('my_module.to_native_str', side_effect=to_native_str)
        self.mock_to_native_str = self._patcher.start()

    def tearDown(self):
        self._patcher.stop()

    def test_response_status_message_with_error_in_to_native_str(self):
        with self.assertRaises(ValueError):
            response_status_message(200)

if __name__ == '__main__':
    unittest.main()

Parsable: True
Command results in:
E
======================================================================
ERROR: test_response_status_message_with_error_in_to_native_str (tmp.code.ResponseStatusMessageTest)
----------------------------------------------------------------------
Traceback (most recent call last):
  File "/tmp/code.py", line 30, in setUp
    self._patcher = unittest.mock.patch('my_module.to_native_str', side_effect=to_native_str)
  File "/usr/lib/python3.10/unittest/__init__.py", line 95, in __getattr__
    raise AttributeError(f"module {__name__!r} has no attribute {name!r}")
AttributeError: module 'unittest' has no attribute 'mock'

----------------------------------------------------------------------
Ran 1 test in 0.000s

FAILED (errors=1)

+++++++++++++++++++++++++++++++++++++++++
Generating test to validate hypothesis 2
+++++++++++++++++++++++++++++++++++++++++

Creating test case for hypothesis:
**Error Handling for Unknown Status Codes**: The function uses `http.RESPONSES.get(int(status))` to look up the text description of the HTTP status code. However, it lacks explicit error handling for unknown status codes. If a status code that is not present in `http.RESPONSES` is passed, `get` would return `None`, and concatenating `None` with a string would raise a `TypeError`.
System message:

You are an experienced Python developer.

User message:

Consider this Python function:
```python


def response_status_message(status):
    """Return status code plus status text descriptive message

    >>> response_status_message(200)
    '200 OK'

    >>> response_status_message(404)
    '404 Not Found'
    """
    return '%s %s' % (status, to_native_str(http.RESPONSES.get(int(status))))

```

The function may have a bug:
**Error Handling for Unknown Status Codes**: The function uses `http.RESPONSES.get(int(status))` to look up the text description of the HTTP status code. However, it lacks explicit error handling for unknown status codes. If a status code that is not present in `http.RESPONSES` is passed, `get` would return `None`, and concatenating `None` with a string would raise a `TypeError`.


Complete the following template into a complete, self-contained test case that exposes this bug:
```python
import unittest
from my_module import response_status_message
# Any other required imports here

# Any mocks or stubs here

class MyTest(unittest.TestCase):
    def test(self):
```

Respond only with Python, i.e., no explanations.
```python

------ Raw answer:
```python
import unittest
from my_module import response_status_message
import http

class MyTest(unittest.TestCase):
    def test_unknown_status_code_handling(self):
        with self.assertRaises(TypeError):
            response_status_message(999)  # Assuming 999 is not a valid HTTP status code in http.RESPONSES

if __name__ == '__main__':
    unittest.main()
```
------ Generated test:
import unittest



def response_status_message(status):
    """Return status code plus status text descriptive message

    >>> response_status_message(200)
    '200 OK'

    >>> response_status_message(404)
    '404 Not Found'
    """
    return '%s %s' % (status, to_native_str(http.RESPONSES.get(int(status))))


import http

class MyTest(unittest.TestCase):
    def test_unknown_status_code_handling(self):
        with self.assertRaises(TypeError):
            response_status_message(999)  # Assuming 999 is not a valid HTTP status code in http.RESPONSES

if __name__ == '__main__':
    unittest.main()

Parsable: True
Command results in:
E
======================================================================
ERROR: test_unknown_status_code_handling (tmp.code.MyTest)
----------------------------------------------------------------------
Traceback (most recent call last):
  File "/tmp/code.py", line 22, in test_unknown_status_code_handling
    response_status_message(999)  # Assuming 999 is not a valid HTTP status code in http.RESPONSES
  File "/tmp/code.py", line 14, in response_status_message
    return '%s %s' % (status, to_native_str(http.RESPONSES.get(int(status))))
NameError: name 'to_native_str' is not defined

----------------------------------------------------------------------
Ran 1 test in 0.000s

FAILED (errors=1)

+++++++++++++++++++++++++++++++++++++++++
Generating test to validate hypothesis 3
+++++++++++++++++++++++++++++++++++++++++

Creating test case for hypothesis:
**Missing Error Handling for Non-integer `status` Values**: The function attempts to convert `status` to an integer with `int(status)`, but does not handle the case where `status` cannot be converted to an integer (e.g., if `status` is a string that doesn't represent a number). This would raise a `ValueError`.
System message:

You are an experienced Python developer.

User message:

Consider this Python function:
```python


def response_status_message(status):
    """Return status code plus status text descriptive message

    >>> response_status_message(200)
    '200 OK'

    >>> response_status_message(404)
    '404 Not Found'
    """
    return '%s %s' % (status, to_native_str(http.RESPONSES.get(int(status))))

```

The function may have a bug:
**Missing Error Handling for Non-integer `status` Values**: The function attempts to convert `status` to an integer with `int(status)`, but does not handle the case where `status` cannot be converted to an integer (e.g., if `status` is a string that doesn't represent a number). This would raise a `ValueError`.


Complete the following template into a complete, self-contained test case that exposes this bug:
```python
import unittest
from my_module import response_status_message
# Any other required imports here

# Any mocks or stubs here

class MyTest(unittest.TestCase):
    def test(self):
```

Respond only with Python, i.e., no explanations.
```python

------ Raw answer:
```python
import unittest
from my_module import response_status_message

class MyTest(unittest.TestCase):
    def test_non_integer_status(self):
        with self.assertRaises(ValueError):
            response_status_message("NotANumber")

if __name__ == '__main__':
    unittest.main()
```
------ Generated test:
import unittest



def response_status_message(status):
    """Return status code plus status text descriptive message

    >>> response_status_message(200)
    '200 OK'

    >>> response_status_message(404)
    '404 Not Found'
    """
    return '%s %s' % (status, to_native_str(http.RESPONSES.get(int(status))))



class MyTest(unittest.TestCase):
    def test_non_integer_status(self):
        with self.assertRaises(ValueError):
            response_status_message("NotANumber")

if __name__ == '__main__':
    unittest.main()

Parsable: True
Command results in:
E
======================================================================
ERROR: test_non_integer_status (tmp.code.MyTest)
----------------------------------------------------------------------
Traceback (most recent call last):
  File "/tmp/code.py", line 21, in test_non_integer_status
    response_status_message("NotANumber")
  File "/tmp/code.py", line 14, in response_status_message
    return '%s %s' % (status, to_native_str(http.RESPONSES.get(int(status))))
NameError: name 'to_native_str' is not defined

----------------------------------------------------------------------
Ran 1 test in 0.000s

FAILED (errors=1)

+++++++++++++++++++++++++++++++++++++++++
Generating test to validate hypothesis 4
+++++++++++++++++++++++++++++++++++++++++

Creating test case for hypothesis:
**Type Checking of `status` Parameter**: There is no explicit type checking for the parameter `status`. While dynamic typing is one of Python's features, in contexts where strict validation is necessary (e.g., interacting with external APIs or user input), it might be beneficial to ensure the type of `status` is what's expected to prevent type-related errors down the line.
System message:

You are an experienced Python developer.

User message:

Consider this Python function:
```python


def response_status_message(status):
    """Return status code plus status text descriptive message

    >>> response_status_message(200)
    '200 OK'

    >>> response_status_message(404)
    '404 Not Found'
    """
    return '%s %s' % (status, to_native_str(http.RESPONSES.get(int(status))))

```

The function may have a bug:
**Type Checking of `status` Parameter**: There is no explicit type checking for the parameter `status`. While dynamic typing is one of Python's features, in contexts where strict validation is necessary (e.g., interacting with external APIs or user input), it might be beneficial to ensure the type of `status` is what's expected to prevent type-related errors down the line.


Complete the following template into a complete, self-contained test case that exposes this bug:
```python
import unittest
from my_module import response_status_message
# Any other required imports here

# Any mocks or stubs here

class MyTest(unittest.TestCase):
    def test(self):
```

Respond only with Python, i.e., no explanations.
```python

------ Raw answer:
```python
import unittest
import http.client as http

# Assuming the function is corrected to include necessary imports and adjustments
def response_status_message(status):
    return '%s %s' % (status, http.HTTPStatus(status).phrase)

class MyTest(unittest.TestCase):
    def test_invalid_type_status(self):
        with self.assertRaises(ValueError):
            response_status_message("NotANumber")
            
    def test_valid_status_code(self):
        self.assertEqual(response_status_message(200), '200 OK')
        self.assertEqual(response_status_message(404), '404 Not Found')

if __name__ == '__main__':
    unittest.main()
```
------ Generated test:


def response_status_message(status):
    """Return status code plus status text descriptive message

    >>> response_status_message(200)
    '200 OK'

    >>> response_status_message(404)
    '404 Not Found'
    """
    return '%s %s' % (status, to_native_str(http.RESPONSES.get(int(status))))

import unittest
import http.client as http

class MyTest(unittest.TestCase):
    def test_invalid_type_status(self):
        with self.assertRaises(ValueError):
            response_status_message("NotANumber")
            
    def test_valid_status_code(self):
        self.assertEqual(response_status_message(200), '200 OK')
        self.assertEqual(response_status_message(404), '404 Not Found')

if __name__ == '__main__':
    unittest.main()

Parsable: True
Command results in:
EE
======================================================================
ERROR: test_invalid_type_status (tmp.code.MyTest)
----------------------------------------------------------------------
Traceback (most recent call last):
  File "/tmp/code.py", line 20, in test_invalid_type_status
    response_status_message("NotANumber")
  File "/tmp/code.py", line 12, in response_status_message
    return '%s %s' % (status, to_native_str(http.RESPONSES.get(int(status))))
NameError: name 'to_native_str' is not defined

======================================================================
ERROR: test_valid_status_code (tmp.code.MyTest)
----------------------------------------------------------------------
Traceback (most recent call last):
  File "/tmp/code.py", line 23, in test_valid_status_code
    self.assertEqual(response_status_message(200), '200 OK')
  File "/tmp/code.py", line 12, in response_status_message
    return '%s %s' % (status, to_native_str(http.RESPONSES.get(int(status))))
NameError: name 'to_native_str' is not defined

----------------------------------------------------------------------
Ran 2 tests in 0.000s

FAILED (errors=2)

+++++++++++++++++++++++++++++++++++++++++
Generating test to validate hypothesis 5
+++++++++++++++++++++++++++++++++++++++++

Creating test case for hypothesis:
**Lack of Documentation on Expected Type for `status`**: The docstring provides an overview of what the function does and includes examples, but it doesn't specify the expected type(s) for the `status` parameter or the format of the return value. This can lead to misuse of the function or misunderstanding about its usage.
System message:

You are an experienced Python developer.

User message:

Consider this Python function:
```python


def response_status_message(status):
    """Return status code plus status text descriptive message

    >>> response_status_message(200)
    '200 OK'

    >>> response_status_message(404)
    '404 Not Found'
    """
    return '%s %s' % (status, to_native_str(http.RESPONSES.get(int(status))))

```

The function may have a bug:
**Lack of Documentation on Expected Type for `status`**: The docstring provides an overview of what the function does and includes examples, but it doesn't specify the expected type(s) for the `status` parameter or the format of the return value. This can lead to misuse of the function or misunderstanding about its usage.


Complete the following template into a complete, self-contained test case that exposes this bug:
```python
import unittest
from my_module import response_status_message
# Any other required imports here

# Any mocks or stubs here

class MyTest(unittest.TestCase):
    def test(self):
```

Respond only with Python, i.e., no explanations.
```python

------ Raw answer:
```python
import unittest
from unittest.mock import patch

# Assuming the module name is my_module, but this will need to be adjusted according to the actual module name
from my_module import response_status_message

# Assuming http is a part of a module that needs to be imported. This mock structure is a basic outline and can be adjusted for the real structure.
class MockHTTP:
    RESPONSES = {
        200: "OK",
        404: "Not Found"
    }

@patch('my_module.http', new=MockHTTP())
class TestResponseStatusMessage(unittest.TestCase):
    def test_with_int_status(self):
        self.assertEqual(response_status_message(200), "200 OK")

    def test_with_str_status(self):
        with self.assertRaises(ValueError):
            response_status_message("200")

if __name__ == '__main__':
    unittest.main()
```
------ Generated test:
import unittest
from unittest.mock import patch

# Assuming the module name is my_module, but this will need to be adjusted according to the actual module name



def response_status_message(status):
    """Return status code plus status text descriptive message

    >>> response_status_message(200)
    '200 OK'

    >>> response_status_message(404)
    '404 Not Found'
    """
    return '%s %s' % (status, to_native_str(http.RESPONSES.get(int(status))))



# Assuming http is a part of a module that needs to be imported. This mock structure is a basic outline and can be adjusted for the real structure.
class MockHTTP:
    RESPONSES = {
        200: "OK",
        404: "Not Found"
    }

@patch('my_module.http', new=MockHTTP())
class TestResponseStatusMessage(unittest.TestCase):
    def test_with_int_status(self):
        self.assertEqual(response_status_message(200), "200 OK")

    def test_with_str_status(self):
        with self.assertRaises(ValueError):
            response_status_message("200")

if __name__ == '__main__':
    unittest.main()

Parsable: True
Command results in:
EE
======================================================================
ERROR: test_with_int_status (tmp.code.TestResponseStatusMessage)
----------------------------------------------------------------------
Traceback (most recent call last):
  File "/usr/lib/python3.10/unittest/mock.py", line 1376, in patched
    with self.decoration_helper(patched,
  File "/usr/lib/python3.10/contextlib.py", line 135, in __enter__
    return next(self.gen)
  File "/usr/lib/python3.10/unittest/mock.py", line 1358, in decoration_helper
    arg = exit_stack.enter_context(patching)
  File "/usr/lib/python3.10/contextlib.py", line 492, in enter_context
    result = _cm_type.__enter__(cm)
  File "/usr/lib/python3.10/unittest/mock.py", line 1431, in __enter__
    self.target = self.getter()
  File "/usr/lib/python3.10/unittest/mock.py", line 1618, in <lambda>
    getter = lambda: _importer(target)
  File "/usr/lib/python3.10/unittest/mock.py", line 1257, in _importer
    thing = __import__(import_path)
ModuleNotFoundError: No module named 'my_module'

======================================================================
ERROR: test_with_str_status (tmp.code.TestResponseStatusMessage)
----------------------------------------------------------------------
Traceback (most recent call last):
  File "/usr/lib/python3.10/unittest/mock.py", line 1376, in patched
    with self.decoration_helper(patched,
  File "/usr/lib/python3.10/contextlib.py", line 135, in __enter__
    return next(self.gen)
  File "/usr/lib/python3.10/unittest/mock.py", line 1358, in decoration_helper
    arg = exit_stack.enter_context(patching)
  File "/usr/lib/python3.10/contextlib.py", line 492, in enter_context
    result = _cm_type.__enter__(cm)
  File "/usr/lib/python3.10/unittest/mock.py", line 1431, in __enter__
    self.target = self.getter()
  File "/usr/lib/python3.10/unittest/mock.py", line 1618, in <lambda>
    getter = lambda: _importer(target)
  File "/usr/lib/python3.10/unittest/mock.py", line 1257, in _importer
    thing = __import__(import_path)
ModuleNotFoundError: No module named 'my_module'

----------------------------------------------------------------------
Ran 2 tests in 0.001s

FAILED (errors=2)

+++++++++++++++++++++++++++++++++++++++++
Generating test to validate hypothesis 6
+++++++++++++++++++++++++++++++++++++++++

Creating test case for hypothesis:
**Dependence on External State (`http.RESPONSES`)**: the function's behavior heavily relies on `http.RESPONSES`. Any modifications to `http.RESPONSES` outside of this function can affect its output, potentially introducing bugs if `http.RESPONSES` is dynamically altered.
System message:

You are an experienced Python developer.

User message:

Consider this Python function:
```python


def response_status_message(status):
    """Return status code plus status text descriptive message

    >>> response_status_message(200)
    '200 OK'

    >>> response_status_message(404)
    '404 Not Found'
    """
    return '%s %s' % (status, to_native_str(http.RESPONSES.get(int(status))))

```

The function may have a bug:
**Dependence on External State (`http.RESPONSES`)**: the function's behavior heavily relies on `http.RESPONSES`. Any modifications to `http.RESPONSES` outside of this function can affect its output, potentially introducing bugs if `http.RESPONSES` is dynamically altered.


Complete the following template into a complete, self-contained test case that exposes this bug:
```python
import unittest
from my_module import response_status_message
# Any other required imports here

# Any mocks or stubs here

class MyTest(unittest.TestCase):
    def test(self):
```

Respond only with Python, i.e., no explanations.
```python

------ Raw answer:
```python
import unittest
import http.client
from my_module import response_status_message

class MyTest(unittest.TestCase):
    def setUp(self):
        # Backup original http.RESPONSES
        self.original_responses = http.client.responses.copy()

    def tearDown(self):
        # Restore original http.RESPONSES after each test
        http.client.responses = self.original_responses

    def test_response_status_message_with_altered_http_responses(self):
        # Alter http.RESPONSES
        altered_message = "Test Not Found"
        http.client.responses[404] = altered_message

        # Test if the function reflects the altered http.RESPONSES
        expected = '404 ' + altered_message
        result = response_status_message(404)
        self.assertEqual(result, expected)

    def test_response_status_message_with_standard_status(self):
        # Ensure standard response is correct without altering http.RESPONSES
        expected = '200 OK'
        result = response_status_message(200)
        self.assertEqual(result, expected)


if __name__ == '__main__':
    unittest.main()
```
------ Generated test:
import unittest
import http.client



def response_status_message(status):
    """Return status code plus status text descriptive message

    >>> response_status_message(200)
    '200 OK'

    >>> response_status_message(404)
    '404 Not Found'
    """
    return '%s %s' % (status, to_native_str(http.RESPONSES.get(int(status))))



class MyTest(unittest.TestCase):
    def setUp(self):
        # Backup original http.RESPONSES
        self.original_responses = http.client.responses.copy()

    def tearDown(self):
        # Restore original http.RESPONSES after each test
        http.client.responses = self.original_responses

    def test_response_status_message_with_altered_http_responses(self):
        # Alter http.RESPONSES
        altered_message = "Test Not Found"
        http.client.responses[404] = altered_message

        # Test if the function reflects the altered http.RESPONSES
        expected = '404 ' + altered_message
        result = response_status_message(404)
        self.assertEqual(result, expected)

    def test_response_status_message_with_standard_status(self):
        # Ensure standard response is correct without altering http.RESPONSES
        expected = '200 OK'
        result = response_status_message(200)
        self.assertEqual(result, expected)


if __name__ == '__main__':
    unittest.main()

Parsable: True
Command results in:
EE
======================================================================
ERROR: test_response_status_message_with_altered_http_responses (tmp.code.MyTest)
----------------------------------------------------------------------
Traceback (most recent call last):
  File "/tmp/code.py", line 35, in test_response_status_message_with_altered_http_responses
    result = response_status_message(404)
  File "/tmp/code.py", line 15, in response_status_message
    return '%s %s' % (status, to_native_str(http.RESPONSES.get(int(status))))
NameError: name 'to_native_str' is not defined

======================================================================
ERROR: test_response_status_message_with_standard_status (tmp.code.MyTest)
----------------------------------------------------------------------
Traceback (most recent call last):
  File "/tmp/code.py", line 41, in test_response_status_message_with_standard_status
    result = response_status_message(200)
  File "/tmp/code.py", line 15, in response_status_message
    return '%s %s' % (status, to_native_str(http.RESPONSES.get(int(status))))
NameError: name 'to_native_str' is not defined

----------------------------------------------------------------------
Ran 2 tests in 0.000s

FAILED (errors=2)

+++++++++++++++++++++++++++++++++++++++++
Generating test to validate hypothesis 7
+++++++++++++++++++++++++++++++++++++++++

Creating test case for hypothesis:
**Use of `%` for String Formatting**: While not inherently a bug, using `%` for string formatting is considered outdated in modern Python. The `.format()` method or f-strings (for Python 3.6+) are preferred for clarity and functionality.
System message:

You are an experienced Python developer.

User message:

Consider this Python function:
```python


def response_status_message(status):
    """Return status code plus status text descriptive message

    >>> response_status_message(200)
    '200 OK'

    >>> response_status_message(404)
    '404 Not Found'
    """
    return '%s %s' % (status, to_native_str(http.RESPONSES.get(int(status))))

```

The function may have a bug:
**Use of `%` for String Formatting**: While not inherently a bug, using `%` for string formatting is considered outdated in modern Python. The `.format()` method or f-strings (for Python 3.6+) are preferred for clarity and functionality.


Complete the following template into a complete, self-contained test case that exposes this bug:
```python
import unittest
from my_module import response_status_message
# Any other required imports here

# Any mocks or stubs here

class MyTest(unittest.TestCase):
    def test(self):
```

Respond only with Python, i.e., no explanations.
```python

------ Raw answer:
```python
import unittest
from my_module import response_status_message
# Assuming http module is in my_module or correctly imported in the implementation
from my_module import http 

# Mocking part of http module necessary for the test
http.RESPONSES = {
    200: "OK",
    404: "Not Found",
    500: "Internal Server Error"
}

class MyTest(unittest.TestCase):
    def test_response_status_message_ok(self):
        self.assertEqual(response_status_message(200), '200 OK')
    
    def test_response_status_message_not_found(self):
        self.assertEqual(response_status_message(404), '404 Not Found')

    def test_response_status_message_server_error(self):
        self.assertEqual(response_status_message(500), '500 Internal Server Error')
        
if __name__ == '__main__':
    unittest.main()
```
------ Generated test:
import unittest



def response_status_message(status):
    """Return status code plus status text descriptive message

    >>> response_status_message(200)
    '200 OK'

    >>> response_status_message(404)
    '404 Not Found'
    """
    return '%s %s' % (status, to_native_str(http.RESPONSES.get(int(status))))


# Assuming http module is in my_module or correctly imported in the implementation
from my_module import http 

# Mocking part of http module necessary for the test
http.RESPONSES = {
    200: "OK",
    404: "Not Found",
    500: "Internal Server Error"
}

class MyTest(unittest.TestCase):
    def test_response_status_message_ok(self):
        self.assertEqual(response_status_message(200), '200 OK')
    
    def test_response_status_message_not_found(self):
        self.assertEqual(response_status_message(404), '404 Not Found')

    def test_response_status_message_server_error(self):
        self.assertEqual(response_status_message(500), '500 Internal Server Error')
        
if __name__ == '__main__':
    unittest.main()

Parsable: True
Command results in:
E
======================================================================
ERROR: code (unittest.loader._FailedTest)
----------------------------------------------------------------------
ImportError: Failed to import test module: code
Traceback (most recent call last):
  File "/usr/lib/python3.10/unittest/loader.py", line 154, in loadTestsFromName
    module = __import__(module_name)
  File "/tmp/code.py", line 18, in <module>
    from my_module import http
ModuleNotFoundError: No module named 'my_module'


----------------------------------------------------------------------
Ran 1 test in 0.000s

FAILED (errors=1)

+++++++++++++++++++++++++++++++++++++++++
Generating test to validate hypothesis 8
+++++++++++++++++++++++++++++++++++++++++

Creating test case for hypothesis:
**Handling of HTTP Status Messages in Internationalization Contexts**: The function presumes that the messages from `http.RESPONSES` are suitable for all contexts. In applications with internationalization needs, the static mapping to English messages might not be desirable.
System message:

You are an experienced Python developer.

User message:

Consider this Python function:
```python


def response_status_message(status):
    """Return status code plus status text descriptive message

    >>> response_status_message(200)
    '200 OK'

    >>> response_status_message(404)
    '404 Not Found'
    """
    return '%s %s' % (status, to_native_str(http.RESPONSES.get(int(status))))

```

The function may have a bug:
**Handling of HTTP Status Messages in Internationalization Contexts**: The function presumes that the messages from `http.RESPONSES` are suitable for all contexts. In applications with internationalization needs, the static mapping to English messages might not be desirable.


Complete the following template into a complete, self-contained test case that exposes this bug:
```python
import unittest
from my_module import response_status_message
# Any other required imports here

# Any mocks or stubs here

class MyTest(unittest.TestCase):
    def test(self):
```

Respond only with Python, i.e., no explanations.
```python

------ Raw answer:
```python
import unittest
from unittest.mock import patch
import http.client

from your_module import response_status_message  # Correct the import based on your module structure

# Mocking the http.RESPONSES to simulate a context where a different language might be expected
http_RESPONSES_backup = http.client.RESPONSES.copy()

http.client.RESPONSES = {
    200: 'OK - Misleading Example',
    404: 'Not Found - Example Translation'
}


class TestResponseStatusMessage(unittest.TestCase):
    
    def setUp(self):
        """Restore http.RESPONSES after each test"""
        http.client.RESPONSES = http_RESPONSES_backup

    def test_response_status_message_international_context(self):
        # Expected responses in default (English) context
        self.assertEqual(response_status_message(200), '200 OK - Misleading Example')
        self.assertEqual(response_status_message(404), '404 Not Found - Example Translation')


if __name__ == '__main__':
    unittest.main()
```
------ Generated test:


def response_status_message(status):
    """Return status code plus status text descriptive message

    >>> response_status_message(200)
    '200 OK'

    >>> response_status_message(404)
    '404 Not Found'
    """
    return '%s %s' % (status, to_native_str(http.RESPONSES.get(int(status))))

import unittest
from unittest.mock import patch
import http.client

from your_module import response_status_message  # Correct the import based on your module structure

# Mocking the http.RESPONSES to simulate a context where a different language might be expected
http_RESPONSES_backup = http.client.RESPONSES.copy()

http.client.RESPONSES = {
    200: 'OK - Misleading Example',
    404: 'Not Found - Example Translation'
}


class TestResponseStatusMessage(unittest.TestCase):
    
    def setUp(self):
        """Restore http.RESPONSES after each test"""
        http.client.RESPONSES = http_RESPONSES_backup

    def test_response_status_message_international_context(self):
        # Expected responses in default (English) context
        self.assertEqual(response_status_message(200), '200 OK - Misleading Example')
        self.assertEqual(response_status_message(404), '404 Not Found - Example Translation')


if __name__ == '__main__':
    unittest.main()

Parsable: True
Command results in:
E
======================================================================
ERROR: code (unittest.loader._FailedTest)
----------------------------------------------------------------------
ImportError: Failed to import test module: code
Traceback (most recent call last):
  File "/usr/lib/python3.10/unittest/loader.py", line 154, in loadTestsFromName
    module = __import__(module_name)
  File "/tmp/code.py", line 18, in <module>
    from your_module import response_status_message  # Correct the import based on your module structure
ModuleNotFoundError: No module named 'your_module'


----------------------------------------------------------------------
Ran 1 test in 0.000s

FAILED (errors=1)

========================= Starting to check youtube-dl 27 =========================

Fix commit: https://github.com/ytdl-org/youtube-dl/commit/db2fe38b5508cbd28b89893219d9cccd41406851

++++++++++++++++++++++++++++++
Creating hypotheses about bug
++++++++++++++++++++++++++++++

System message:

You are an experienced Python developer.

User message:

Do you see any bugs in this function?
```python


def parse_dfxp_time_expr(time_expr):
    if not time_expr:
        return

    mobj = re.match(r'^(?P<time_offset>\d+(?:\.\d+)?)s?$', time_expr)
    if mobj:
        return float(mobj.group('time_offset'))

    mobj = re.match(r'^(\d+):(\d\d):(\d\d(?:\.\d+)?)$', time_expr)
    if mobj:
        return 3600 * int(mobj.group(1)) + 60 * int(mobj.group(2)) + float(mobj.group(3))

```

The function is extracted from a larger project.
Assume that all necessary imports, other functions, and global variables are available.
Focus on logic errors and missing corner cases.

As context, here are existing tests for the function:
```python

def test_parse_dfxp_time_expr(self):
    self.assertEqual(parse_dfxp_time_expr(None), None)
    self.assertEqual(parse_dfxp_time_expr(''), None)
    self.assertEqual(parse_dfxp_time_expr('0.1'), 0.1)
    self.assertEqual(parse_dfxp_time_expr('0.1s'), 0.1)
    self.assertEqual(parse_dfxp_time_expr('00:00:01'), 1.0)
    self.assertEqual(parse_dfxp_time_expr('00:00:01.100'), 1.1)

```


Provide your answer as an enumerated list, with one bug on each line.

Based on the functionality intended by the `parse_dfxp_time_expr` function and the tests provided, there don't appear to be syntactic bugs at a glance, but there are some potential pitfalls and areas for improvement:

1. It is presumed that `re` is imported since the code snippet uses `re.match()`, but if not actually imported in the larger project where this function is from, this would cause a runtime error.
   
2. Handling of time expressions with hours exceeding two digits is not specified. The regex `'^(\d+):(\d\d):(\d\d(?:\.\d+)?)$'` assumes time expressions will have one or two digits for hours, which might be a constraint but could be considered a limitation if longer times are valid.

3. For both matching groups, there's no handling for invalid time values, such as an invalid number of seconds or minutes over 59, which, while might be out of specified use cases, could cause unexpected behavior if such values appear.

4. There's an implicit assumption that the time expressions will be well-formed (matching one of the two expected patterns). Any string that does not match either pattern will cause the function to return `None`, without any indication that the input was invalid, which could be troublesome for debugging if unexpected formats are encountered.

5. Assuming the tests cover the expected input formats, any input with spaces or additional characters outside the specified formats (e.g., "00:00: 01.100") would result in a `None` return value, potentially indicating a need for more input sanitization or more descriptive error handling.

6. The function uses type casting with `int()` and `float()` without any form of exception handling. Given the controlled nature of the regex, this shouldn't be an issue, but in a more complex or evolving codebase, adding try-except blocks could preempt future errors if input contracts change.

7. The function does not account for different formats beyond a basic seconds count and a specific H:M:S.SSS format. If the larger project expects different time expression formats (e.g., milliseconds, minutes with abbreviations, etc.), those would not be parsed correctly.

8. Lack of comments or docstrings for the function. While it's clear from context what it's doing, in a larger project, documenting expected input formats, return values, and potential edge cases is a good practice.

Each of these points represents areas for improvement or potential bugs based on how the function is expected to integrate into the larger project and what kinds of inputs it is expected to handle.
{
  "bugs": [
    {
      "explanation": "It is presumed that `re` is imported since the code snippet uses `re.match()`, but if not actually imported in the larger project where this function is from, this would cause a runtime error."
    },
    {
      "explanation": "Handling of time expressions with hours exceeding two digits is not specified. The regex `'^(\\d+):(\\d\\d):(\\d\\d(?:\\.\\d+)?)$'` assumes time expressions will have one or two digits for hours, which might be a constraint but could be considered a limitation if longer times are valid."
    },
    {
      "explanation": "For both matching groups, there's no handling for invalid time values, such as an invalid number of seconds or minutes over 59, which, while might be out of specified use cases, could cause unexpected behavior if such values appear."
    },
    {
      "explanation": "There's an implicit assumption that the time expressions will be well-formed (matching one of the two expected patterns). Any string that does not match either pattern will cause the function to return `None`, without any indication that the input was invalid, which could be troublesome for debugging if unexpected formats are encountered."
    },
    {
      "explanation": "Assuming the tests cover the expected input formats, any input with spaces or additional characters outside the specified formats (e.g., \"00:00: 01.100\") would result in a `None` return value, potentially indicating a need for more input sanitization or more descriptive error handling."
    },
    {
      "explanation": "The function uses type casting with `int()` and `float()` without any form of exception handling. Given the controlled nature of the regex, this shouldn't be an issue, but in a more complex or evolving codebase, adding try-except blocks could preempt future errors if input contracts change."
    },
    {
      "explanation": "The function does not account for different formats beyond a basic seconds count and a specific H:M:S.SSS format. If the larger project expects different time expression formats (e.g., milliseconds, minutes with abbreviations, etc.), those would not be parsed correctly."
    },
    {
      "explanation": "Lack of comments or docstrings for the function. While it's clear from context what it's doing, in a larger project, documenting expected input formats, return values, and potential edge cases is a good practice."
    }
  ]
}
+++++++++++++++++++++++++++++++++++++++++
Generating test to validate hypothesis 0
+++++++++++++++++++++++++++++++++++++++++

Creating test case for hypothesis:
It is presumed that `re` is imported since the code snippet uses `re.match()`, but if not actually imported in the larger project where this function is from, this would cause a runtime error.
System message:

You are an experienced Python developer.

User message:

Consider this Python function:
```python


def parse_dfxp_time_expr(time_expr):
    if not time_expr:
        return

    mobj = re.match(r'^(?P<time_offset>\d+(?:\.\d+)?)s?$', time_expr)
    if mobj:
        return float(mobj.group('time_offset'))

    mobj = re.match(r'^(\d+):(\d\d):(\d\d(?:\.\d+)?)$', time_expr)
    if mobj:
        return 3600 * int(mobj.group(1)) + 60 * int(mobj.group(2)) + float(mobj.group(3))

```

The function may have a bug:
It is presumed that `re` is imported since the code snippet uses `re.match()`, but if not actually imported in the larger project where this function is from, this would cause a runtime error.


As context, here are existing tests for the function:
```python

def test_parse_dfxp_time_expr(self):
    self.assertEqual(parse_dfxp_time_expr(None), None)
    self.assertEqual(parse_dfxp_time_expr(''), None)
    self.assertEqual(parse_dfxp_time_expr('0.1'), 0.1)
    self.assertEqual(parse_dfxp_time_expr('0.1s'), 0.1)
    self.assertEqual(parse_dfxp_time_expr('00:00:01'), 1.0)
    self.assertEqual(parse_dfxp_time_expr('00:00:01.100'), 1.1)

```


Complete the following template into a complete, self-contained test case that exposes this bug:
```python
import unittest
from my_module import parse_dfxp_time_expr
# Any other required imports here

# Any mocks or stubs here

class MyTest(unittest.TestCase):
    def test(self):
```

Respond only with Python, i.e., no explanations.
```python

------ Raw answer:
```python
import unittest
import re  # Added to handle the underlying dependency within the function
# Assuming my_module refers to the script where parse_dfxp_time_expr is defined. 
# If parse_dfxp_time_expr is in this script, then you wouldn't import it from my_module.

class TestParseDFXPTimeExpr(unittest.TestCase):
    def test_parse_dfxp_time_expr_none(self):
        self.assertEqual(parse_dfxp_time_expr(None), None)
    
    def test_parse_dfxp_time_expr_empty_string(self):
        self.assertEqual(parse_dfxp_time_expr(''), None)
    
    def test_parse_dfxp_time_expr_seconds_decimal(self):
        self.assertEqual(parse_dfxp_time_expr('0.1'), 0.1)
    
    def test_parse_dfxp_time_expr_seconds_with_s(self):
        self.assertEqual(parse_dfxp_time_expr('0.1s'), 0.1)
    
    def test_parse_dfxp_time_expr_hh_mm_ss(self):
        self.assertEqual(parse_dfxp_time_expr('00:00:01'), 1.0)
    
    def test_parse_dfxp_time_expr_hh_mm_ss_decimal(self):
        self.assertEqual(parse_dfxp_time_expr('00:00:01.100'), 1.1)

if __name__ == '__main__':
    unittest.main()
```
------ Generated test:


def parse_dfxp_time_expr(time_expr):
    if not time_expr:
        return

    mobj = re.match(r'^(?P<time_offset>\d+(?:\.\d+)?)s?$', time_expr)
    if mobj:
        return float(mobj.group('time_offset'))

    mobj = re.match(r'^(\d+):(\d\d):(\d\d(?:\.\d+)?)$', time_expr)
    if mobj:
        return 3600 * int(mobj.group(1)) + 60 * int(mobj.group(2)) + float(mobj.group(3))

import unittest
import re  # Added to handle the underlying dependency within the function
# Assuming my_module refers to the script where parse_dfxp_time_expr is defined. 
# If parse_dfxp_time_expr is in this script, then you wouldn't import it from my_module.

class TestParseDFXPTimeExpr(unittest.TestCase):
    def test_parse_dfxp_time_expr_none(self):
        self.assertEqual(parse_dfxp_time_expr(None), None)
    
    def test_parse_dfxp_time_expr_empty_string(self):
        self.assertEqual(parse_dfxp_time_expr(''), None)
    
    def test_parse_dfxp_time_expr_seconds_decimal(self):
        self.assertEqual(parse_dfxp_time_expr('0.1'), 0.1)
    
    def test_parse_dfxp_time_expr_seconds_with_s(self):
        self.assertEqual(parse_dfxp_time_expr('0.1s'), 0.1)
    
    def test_parse_dfxp_time_expr_hh_mm_ss(self):
        self.assertEqual(parse_dfxp_time_expr('00:00:01'), 1.0)
    
    def test_parse_dfxp_time_expr_hh_mm_ss_decimal(self):
        self.assertEqual(parse_dfxp_time_expr('00:00:01.100'), 1.1)

if __name__ == '__main__':
    unittest.main()

Parsable: True
Command results in:
......
----------------------------------------------------------------------
Ran 6 tests in 0.000s

OK

Warning: Unknown test result
+++++++++++++++++++++++++++++++++++++++++
Generating test to validate hypothesis 1
+++++++++++++++++++++++++++++++++++++++++

Creating test case for hypothesis:
Handling of time expressions with hours exceeding two digits is not specified. The regex `'^(\d+):(\d\d):(\d\d(?:\.\d+)?)$'` assumes time expressions will have one or two digits for hours, which might be a constraint but could be considered a limitation if longer times are valid.
System message:

You are an experienced Python developer.

User message:

Consider this Python function:
```python


def parse_dfxp_time_expr(time_expr):
    if not time_expr:
        return

    mobj = re.match(r'^(?P<time_offset>\d+(?:\.\d+)?)s?$', time_expr)
    if mobj:
        return float(mobj.group('time_offset'))

    mobj = re.match(r'^(\d+):(\d\d):(\d\d(?:\.\d+)?)$', time_expr)
    if mobj:
        return 3600 * int(mobj.group(1)) + 60 * int(mobj.group(2)) + float(mobj.group(3))

```

The function may have a bug:
Handling of time expressions with hours exceeding two digits is not specified. The regex `'^(\d+):(\d\d):(\d\d(?:\.\d+)?)$'` assumes time expressions will have one or two digits for hours, which might be a constraint but could be considered a limitation if longer times are valid.


As context, here are existing tests for the function:
```python

def test_parse_dfxp_time_expr(self):
    self.assertEqual(parse_dfxp_time_expr(None), None)
    self.assertEqual(parse_dfxp_time_expr(''), None)
    self.assertEqual(parse_dfxp_time_expr('0.1'), 0.1)
    self.assertEqual(parse_dfxp_time_expr('0.1s'), 0.1)
    self.assertEqual(parse_dfxp_time_expr('00:00:01'), 1.0)
    self.assertEqual(parse_dfxp_time_expr('00:00:01.100'), 1.1)

```


Complete the following template into a complete, self-contained test case that exposes this bug:
```python
import unittest
from my_module import parse_dfxp_time_expr
# Any other required imports here

# Any mocks or stubs here

class MyTest(unittest.TestCase):
    def test(self):
```

Respond only with Python, i.e., no explanations.
```python

------ Raw answer:
```python
import unittest
import re

# Assuming the function is defined here as it wasn't specified how to import it.
def parse_dfxp_time_expr(time_expr):
    if not time_expr:
        return

    mobj = re.match(r'^(?P<time_offset>\d+(?:\.\d+)?)s?$', time_expr)
    if mobj:
        return float(mobj.group('time_offset'))

    mobj = re.match(r'^(\d+):(\d\d):(\d\d(?:\.\d+)?)$', time_expr)
    if mobj:
        return 3600 * int(mobj.group(1)) + 60 * int(mobj.group(2)) + float(mobj.group(3))

class TestParseDFXPTimeExpr(unittest.TestCase):
    def test_high_hour_time_expr(self):
        self.assertEqual(parse_dfxp_time_expr('100:00:00'), 360000.0)
        self.assertEqual(parse_dfxp_time_expr('123:45:56.789'), 445556.789)

if __name__ == '__main__':
    unittest.main()
```
------ Generated test:


def parse_dfxp_time_expr(time_expr):
    if not time_expr:
        return

    mobj = re.match(r'^(?P<time_offset>\d+(?:\.\d+)?)s?$', time_expr)
    if mobj:
        return float(mobj.group('time_offset'))

    mobj = re.match(r'^(\d+):(\d\d):(\d\d(?:\.\d+)?)$', time_expr)
    if mobj:
        return 3600 * int(mobj.group(1)) + 60 * int(mobj.group(2)) + float(mobj.group(3))

import unittest
import re

class TestParseDFXPTimeExpr(unittest.TestCase):
    def test_high_hour_time_expr(self):
        self.assertEqual(parse_dfxp_time_expr('100:00:00'), 360000.0)
        self.assertEqual(parse_dfxp_time_expr('123:45:56.789'), 445556.789)

if __name__ == '__main__':
    unittest.main()

Parsable: True
Command results in:
.
----------------------------------------------------------------------
Ran 1 test in 0.000s

OK

+++++++++++++++++++++++++++++++++++++++++
Generating test to validate hypothesis 2
+++++++++++++++++++++++++++++++++++++++++

Creating test case for hypothesis:
For both matching groups, there's no handling for invalid time values, such as an invalid number of seconds or minutes over 59, which, while might be out of specified use cases, could cause unexpected behavior if such values appear.
System message:

You are an experienced Python developer.

User message:

Consider this Python function:
```python


def parse_dfxp_time_expr(time_expr):
    if not time_expr:
        return

    mobj = re.match(r'^(?P<time_offset>\d+(?:\.\d+)?)s?$', time_expr)
    if mobj:
        return float(mobj.group('time_offset'))

    mobj = re.match(r'^(\d+):(\d\d):(\d\d(?:\.\d+)?)$', time_expr)
    if mobj:
        return 3600 * int(mobj.group(1)) + 60 * int(mobj.group(2)) + float(mobj.group(3))

```

The function may have a bug:
For both matching groups, there's no handling for invalid time values, such as an invalid number of seconds or minutes over 59, which, while might be out of specified use cases, could cause unexpected behavior if such values appear.


As context, here are existing tests for the function:
```python

def test_parse_dfxp_time_expr(self):
    self.assertEqual(parse_dfxp_time_expr(None), None)
    self.assertEqual(parse_dfxp_time_expr(''), None)
    self.assertEqual(parse_dfxp_time_expr('0.1'), 0.1)
    self.assertEqual(parse_dfxp_time_expr('0.1s'), 0.1)
    self.assertEqual(parse_dfxp_time_expr('00:00:01'), 1.0)
    self.assertEqual(parse_dfxp_time_expr('00:00:01.100'), 1.1)

```


Complete the following template into a complete, self-contained test case that exposes this bug:
```python
import unittest
from my_module import parse_dfxp_time_expr
# Any other required imports here

# Any mocks or stubs here

class MyTest(unittest.TestCase):
    def test(self):
```

Respond only with Python, i.e., no explanations.
```python

------ Raw answer:
```python
import unittest
import re

def parse_dfxp_time_expr(time_expr):
    if not time_expr:
        return

    mobj = re.match(r'^(?P<time_offset>\d+(?:\.\d+)?)s?$', time_expr)
    if mobj:
        return float(mobj.group('time_offset'))

    mobj = re.match(r'^(\d+):(\d\d):(\d\d(?:\.\d+)?)$', time_expr)
    if mobj:
        return 3600 * int(mobj.group(1)) + 60 * int(mobj.group(2)) + float(mobj.group(3))

class MyTest(unittest.TestCase):
    def test_invalid_seconds(self):
        self.assertIsNone(parse_dfxp_time_expr('00:00:60'), "Should handle invalid number of seconds gracefully.")
    
    def test_invalid_minutes(self):
        self.assertIsNone(parse_dfxp_time_expr('00:60:00'), "Should handle invalid number of minutes gracefully.")
        
    def test_negative_time(self):
        self.assertIsNone(parse_dfxp_time_expr('-00:00:01'), "Should return None for negative time values.")

if __name__ == '__main__':
    unittest.main()
```
------ Generated test:


def parse_dfxp_time_expr(time_expr):
    if not time_expr:
        return

    mobj = re.match(r'^(?P<time_offset>\d+(?:\.\d+)?)s?$', time_expr)
    if mobj:
        return float(mobj.group('time_offset'))

    mobj = re.match(r'^(\d+):(\d\d):(\d\d(?:\.\d+)?)$', time_expr)
    if mobj:
        return 3600 * int(mobj.group(1)) + 60 * int(mobj.group(2)) + float(mobj.group(3))

import unittest
import re

class MyTest(unittest.TestCase):
    def test_invalid_seconds(self):
        self.assertIsNone(parse_dfxp_time_expr('00:00:60'), "Should handle invalid number of seconds gracefully.")
    
    def test_invalid_minutes(self):
        self.assertIsNone(parse_dfxp_time_expr('00:60:00'), "Should handle invalid number of minutes gracefully.")
        
    def test_negative_time(self):
        self.assertIsNone(parse_dfxp_time_expr('-00:00:01'), "Should return None for negative time values.")

if __name__ == '__main__':
    unittest.main()

Parsable: True
Command results in:
FF.
======================================================================
FAIL: test_invalid_minutes (tmp.code.MyTest)
----------------------------------------------------------------------
Traceback (most recent call last):
  File "/tmp/code.py", line 23, in test_invalid_minutes
    self.assertIsNone(parse_dfxp_time_expr('00:60:00'), "Should handle invalid number of minutes gracefully.")
AssertionError: 3600.0 is not None : Should handle invalid number of minutes gracefully.

======================================================================
FAIL: test_invalid_seconds (tmp.code.MyTest)
----------------------------------------------------------------------
Traceback (most recent call last):
  File "/tmp/code.py", line 20, in test_invalid_seconds
    self.assertIsNone(parse_dfxp_time_expr('00:00:60'), "Should handle invalid number of seconds gracefully.")
AssertionError: 60.0 is not None : Should handle invalid number of seconds gracefully.

----------------------------------------------------------------------
Ran 3 tests in 0.000s

FAILED (failures=2)

+++++++++++++++++++++++++++++++++++++++++
Generating test to validate hypothesis 3
+++++++++++++++++++++++++++++++++++++++++

Creating test case for hypothesis:
There's an implicit assumption that the time expressions will be well-formed (matching one of the two expected patterns). Any string that does not match either pattern will cause the function to return `None`, without any indication that the input was invalid, which could be troublesome for debugging if unexpected formats are encountered.
System message:

You are an experienced Python developer.

User message:

Consider this Python function:
```python


def parse_dfxp_time_expr(time_expr):
    if not time_expr:
        return

    mobj = re.match(r'^(?P<time_offset>\d+(?:\.\d+)?)s?$', time_expr)
    if mobj:
        return float(mobj.group('time_offset'))

    mobj = re.match(r'^(\d+):(\d\d):(\d\d(?:\.\d+)?)$', time_expr)
    if mobj:
        return 3600 * int(mobj.group(1)) + 60 * int(mobj.group(2)) + float(mobj.group(3))

```

The function may have a bug:
There's an implicit assumption that the time expressions will be well-formed (matching one of the two expected patterns). Any string that does not match either pattern will cause the function to return `None`, without any indication that the input was invalid, which could be troublesome for debugging if unexpected formats are encountered.


As context, here are existing tests for the function:
```python

def test_parse_dfxp_time_expr(self):
    self.assertEqual(parse_dfxp_time_expr(None), None)
    self.assertEqual(parse_dfxp_time_expr(''), None)
    self.assertEqual(parse_dfxp_time_expr('0.1'), 0.1)
    self.assertEqual(parse_dfxp_time_expr('0.1s'), 0.1)
    self.assertEqual(parse_dfxp_time_expr('00:00:01'), 1.0)
    self.assertEqual(parse_dfxp_time_expr('00:00:01.100'), 1.1)

```


Complete the following template into a complete, self-contained test case that exposes this bug:
```python
import unittest
from my_module import parse_dfxp_time_expr
# Any other required imports here

# Any mocks or stubs here

class MyTest(unittest.TestCase):
    def test(self):
```

Respond only with Python, i.e., no explanations.
```python

------ Raw answer:
```python
import unittest
import re

def parse_dfxp_time_expr(time_expr):
    if not time_expr:
        return

    mobj = re.match(r'^(?P<time_offset>\d+(?:\.\d+)?)s?$', time_expr)
    if mobj:
        return float(mobj.group('time_offset'))

    mobj = re.match(r'^(\d+):(\d\d):(\d\d(?:\.\d+)?)$', time_expr)
    if mobj:
        return 3600 * int(mobj.group(1)) + 60 * int(mobj.group(2)) + float(mobj.group(3))

class MyTest(unittest.TestCase):
    def test_unexpected_time_format(self):
        with self.assertRaises(ValueError):
            parse_dfxp_time_expr('25:61:01')

if __name__ == '__main__':
    unittest.main()
```
------ Generated test:


def parse_dfxp_time_expr(time_expr):
    if not time_expr:
        return

    mobj = re.match(r'^(?P<time_offset>\d+(?:\.\d+)?)s?$', time_expr)
    if mobj:
        return float(mobj.group('time_offset'))

    mobj = re.match(r'^(\d+):(\d\d):(\d\d(?:\.\d+)?)$', time_expr)
    if mobj:
        return 3600 * int(mobj.group(1)) + 60 * int(mobj.group(2)) + float(mobj.group(3))

import unittest
import re

class MyTest(unittest.TestCase):
    def test_unexpected_time_format(self):
        with self.assertRaises(ValueError):
            parse_dfxp_time_expr('25:61:01')

if __name__ == '__main__':
    unittest.main()

Parsable: True
Command results in:
F
======================================================================
FAIL: test_unexpected_time_format (tmp.code.MyTest)
----------------------------------------------------------------------
Traceback (most recent call last):
  File "/tmp/code.py", line 20, in test_unexpected_time_format
    with self.assertRaises(ValueError):
AssertionError: ValueError not raised

----------------------------------------------------------------------
Ran 1 test in 0.000s

FAILED (failures=1)

+++++++++++++++++++++++++++++++++++++++++
Generating test to validate hypothesis 4
+++++++++++++++++++++++++++++++++++++++++

Creating test case for hypothesis:
Assuming the tests cover the expected input formats, any input with spaces or additional characters outside the specified formats (e.g., "00:00: 01.100") would result in a `None` return value, potentially indicating a need for more input sanitization or more descriptive error handling.
System message:

You are an experienced Python developer.

User message:

Consider this Python function:
```python


def parse_dfxp_time_expr(time_expr):
    if not time_expr:
        return

    mobj = re.match(r'^(?P<time_offset>\d+(?:\.\d+)?)s?$', time_expr)
    if mobj:
        return float(mobj.group('time_offset'))

    mobj = re.match(r'^(\d+):(\d\d):(\d\d(?:\.\d+)?)$', time_expr)
    if mobj:
        return 3600 * int(mobj.group(1)) + 60 * int(mobj.group(2)) + float(mobj.group(3))

```

The function may have a bug:
Assuming the tests cover the expected input formats, any input with spaces or additional characters outside the specified formats (e.g., "00:00: 01.100") would result in a `None` return value, potentially indicating a need for more input sanitization or more descriptive error handling.


As context, here are existing tests for the function:
```python

def test_parse_dfxp_time_expr(self):
    self.assertEqual(parse_dfxp_time_expr(None), None)
    self.assertEqual(parse_dfxp_time_expr(''), None)
    self.assertEqual(parse_dfxp_time_expr('0.1'), 0.1)
    self.assertEqual(parse_dfxp_time_expr('0.1s'), 0.1)
    self.assertEqual(parse_dfxp_time_expr('00:00:01'), 1.0)
    self.assertEqual(parse_dfxp_time_expr('00:00:01.100'), 1.1)

```


Complete the following template into a complete, self-contained test case that exposes this bug:
```python
import unittest
from my_module import parse_dfxp_time_expr
# Any other required imports here

# Any mocks or stubs here

class MyTest(unittest.TestCase):
    def test(self):
```

Respond only with Python, i.e., no explanations.
```python

------ Raw answer:
```python
import unittest
import re

def parse_dfxp_time_expr(time_expr):
    if not time_expr:
        return

    mobj = re.match(r'^(?P<time_offset>\d+(?:\.\d+)?)s?$', time_expr)
    if mobj:
        return float(mobj.group('time_offset'))

    mobj = re.match(r'^(\d+):(\d\d):(\d\d(?:\.\d+)?)$', time_expr)
    if mobj:
        return 3600 * int(mobj.group(1)) + 60 * int(mobj.group(2)) + float(mobj.group(3))

class TestParseDfxpTimeExpr(unittest.TestCase):
    def test_incorrect_format_with_spaces(self):
        self.assertIsNone(parse_dfxp_time_expr("00:00: 01.100"))

    def test_additional_characters(self):
        self.assertIsNone(parse_dfxp_time_expr("00:00:01.100xyz"))

if __name__ == '__main__':
    unittest.main()
```
------ Generated test:


def parse_dfxp_time_expr(time_expr):
    if not time_expr:
        return

    mobj = re.match(r'^(?P<time_offset>\d+(?:\.\d+)?)s?$', time_expr)
    if mobj:
        return float(mobj.group('time_offset'))

    mobj = re.match(r'^(\d+):(\d\d):(\d\d(?:\.\d+)?)$', time_expr)
    if mobj:
        return 3600 * int(mobj.group(1)) + 60 * int(mobj.group(2)) + float(mobj.group(3))

import unittest
import re

class TestParseDfxpTimeExpr(unittest.TestCase):
    def test_incorrect_format_with_spaces(self):
        self.assertIsNone(parse_dfxp_time_expr("00:00: 01.100"))

    def test_additional_characters(self):
        self.assertIsNone(parse_dfxp_time_expr("00:00:01.100xyz"))

if __name__ == '__main__':
    unittest.main()

Parsable: True
Command results in:
..
----------------------------------------------------------------------
Ran 2 tests in 0.000s

OK

Warning: Unknown test result
+++++++++++++++++++++++++++++++++++++++++
Generating test to validate hypothesis 5
+++++++++++++++++++++++++++++++++++++++++

Creating test case for hypothesis:
The function uses type casting with `int()` and `float()` without any form of exception handling. Given the controlled nature of the regex, this shouldn't be an issue, but in a more complex or evolving codebase, adding try-except blocks could preempt future errors if input contracts change.
System message:

You are an experienced Python developer.

User message:

Consider this Python function:
```python


def parse_dfxp_time_expr(time_expr):
    if not time_expr:
        return

    mobj = re.match(r'^(?P<time_offset>\d+(?:\.\d+)?)s?$', time_expr)
    if mobj:
        return float(mobj.group('time_offset'))

    mobj = re.match(r'^(\d+):(\d\d):(\d\d(?:\.\d+)?)$', time_expr)
    if mobj:
        return 3600 * int(mobj.group(1)) + 60 * int(mobj.group(2)) + float(mobj.group(3))

```

The function may have a bug:
The function uses type casting with `int()` and `float()` without any form of exception handling. Given the controlled nature of the regex, this shouldn't be an issue, but in a more complex or evolving codebase, adding try-except blocks could preempt future errors if input contracts change.


As context, here are existing tests for the function:
```python

def test_parse_dfxp_time_expr(self):
    self.assertEqual(parse_dfxp_time_expr(None), None)
    self.assertEqual(parse_dfxp_time_expr(''), None)
    self.assertEqual(parse_dfxp_time_expr('0.1'), 0.1)
    self.assertEqual(parse_dfxp_time_expr('0.1s'), 0.1)
    self.assertEqual(parse_dfxp_time_expr('00:00:01'), 1.0)
    self.assertEqual(parse_dfxp_time_expr('00:00:01.100'), 1.1)

```


Complete the following template into a complete, self-contained test case that exposes this bug:
```python
import unittest
from my_module import parse_dfxp_time_expr
# Any other required imports here

# Any mocks or stubs here

class MyTest(unittest.TestCase):
    def test(self):
```

Respond only with Python, i.e., no explanations.
```python

------ Raw answer:
```python
import unittest
import re
from my_module import parse_dfxp_time_expr  # Assume this is already defined in my_module.py

class MyTest(unittest.TestCase):
    def test_invalid_format_raises_error(self):
        with self.assertRaises(ValueError):
            parse_dfxp_time_expr('invalid format')

if __name__ == '__main__':
    unittest.main()
```
------ Generated test:
import unittest
import re



def parse_dfxp_time_expr(time_expr):
    if not time_expr:
        return

    mobj = re.match(r'^(?P<time_offset>\d+(?:\.\d+)?)s?$', time_expr)
    if mobj:
        return float(mobj.group('time_offset'))

    mobj = re.match(r'^(\d+):(\d\d):(\d\d(?:\.\d+)?)$', time_expr)
    if mobj:
        return 3600 * int(mobj.group(1)) + 60 * int(mobj.group(2)) + float(mobj.group(3))

  # Assume this is already defined in my_module.py

class MyTest(unittest.TestCase):
    def test_invalid_format_raises_error(self):
        with self.assertRaises(ValueError):
            parse_dfxp_time_expr('invalid format')

if __name__ == '__main__':
    unittest.main()

Parsable: True
Command results in:
F
======================================================================
FAIL: test_invalid_format_raises_error (tmp.code.MyTest)
----------------------------------------------------------------------
Traceback (most recent call last):
  File "/tmp/code.py", line 22, in test_invalid_format_raises_error
    with self.assertRaises(ValueError):
AssertionError: ValueError not raised

----------------------------------------------------------------------
Ran 1 test in 0.000s

FAILED (failures=1)

+++++++++++++++++++++++++++++++++++++++++
Generating test to validate hypothesis 6
+++++++++++++++++++++++++++++++++++++++++

Creating test case for hypothesis:
The function does not account for different formats beyond a basic seconds count and a specific H:M:S.SSS format. If the larger project expects different time expression formats (e.g., milliseconds, minutes with abbreviations, etc.), those would not be parsed correctly.
System message:

You are an experienced Python developer.

User message:

Consider this Python function:
```python


def parse_dfxp_time_expr(time_expr):
    if not time_expr:
        return

    mobj = re.match(r'^(?P<time_offset>\d+(?:\.\d+)?)s?$', time_expr)
    if mobj:
        return float(mobj.group('time_offset'))

    mobj = re.match(r'^(\d+):(\d\d):(\d\d(?:\.\d+)?)$', time_expr)
    if mobj:
        return 3600 * int(mobj.group(1)) + 60 * int(mobj.group(2)) + float(mobj.group(3))

```

The function may have a bug:
The function does not account for different formats beyond a basic seconds count and a specific H:M:S.SSS format. If the larger project expects different time expression formats (e.g., milliseconds, minutes with abbreviations, etc.), those would not be parsed correctly.


As context, here are existing tests for the function:
```python

def test_parse_dfxp_time_expr(self):
    self.assertEqual(parse_dfxp_time_expr(None), None)
    self.assertEqual(parse_dfxp_time_expr(''), None)
    self.assertEqual(parse_dfxp_time_expr('0.1'), 0.1)
    self.assertEqual(parse_dfxp_time_expr('0.1s'), 0.1)
    self.assertEqual(parse_dfxp_time_expr('00:00:01'), 1.0)
    self.assertEqual(parse_dfxp_time_expr('00:00:01.100'), 1.1)

```


Complete the following template into a complete, self-contained test case that exposes this bug:
```python
import unittest
from my_module import parse_dfxp_time_expr
# Any other required imports here

# Any mocks or stubs here

class MyTest(unittest.TestCase):
    def test(self):
```

Respond only with Python, i.e., no explanations.
```python

------ Raw answer:
```python
import unittest
import re

# Assuming my_module.py contains the parse_dfxp_time_expr function
# from my_module import parse_dfxp_time_expr

def parse_dfxp_time_expr(time_expr):
    if not time_expr:
        return
    
    mobj = re.match(r'^(?P<time_offset>\d+(?:\.\d+)?)s?$', time_expr)
    if mobj:
        return float(mobj.group('time_offset'))
    
    mobj = re.match(r'^(\d+):(\d\d):(\d\d(?:\.\d+)?)$', time_expr)
    if mobj:
        return 3600 * int(mobj.group(1)) + 60 * int(mobj.group(2)) + float(mobj.group(3))

class TestDFXPTimeExpr(unittest.TestCase):
    def test_milliseconds_time_expr(self):
        # Test case designed to fail with current implementation since
        # milliseconds are not explicitly handled
        self.assertEqual(parse_dfxp_time_expr('150ms'), 0.150)

    def test_minutes_abbreviation_time_expr(self):
        # Test case designed to fail with current implementation since
        # minutes abbreviations are not explicitly handled
        self.assertEqual(parse_dfxp_time_expr('2m'), 120.0)

if __name__ == '__main__':
    unittest.main()
```
------ Generated test:


def parse_dfxp_time_expr(time_expr):
    if not time_expr:
        return

    mobj = re.match(r'^(?P<time_offset>\d+(?:\.\d+)?)s?$', time_expr)
    if mobj:
        return float(mobj.group('time_offset'))

    mobj = re.match(r'^(\d+):(\d\d):(\d\d(?:\.\d+)?)$', time_expr)
    if mobj:
        return 3600 * int(mobj.group(1)) + 60 * int(mobj.group(2)) + float(mobj.group(3))

import unittest
import re

class TestDFXPTimeExpr(unittest.TestCase):
    def test_milliseconds_time_expr(self):
        # Test case designed to fail with current implementation since
        # milliseconds are not explicitly handled
        self.assertEqual(parse_dfxp_time_expr('150ms'), 0.150)

    def test_minutes_abbreviation_time_expr(self):
        # Test case designed to fail with current implementation since
        # minutes abbreviations are not explicitly handled
        self.assertEqual(parse_dfxp_time_expr('2m'), 120.0)

if __name__ == '__main__':
    unittest.main()

Parsable: True
Command results in:
FF
======================================================================
FAIL: test_milliseconds_time_expr (tmp.code.TestDFXPTimeExpr)
----------------------------------------------------------------------
Traceback (most recent call last):
  File "/tmp/code.py", line 22, in test_milliseconds_time_expr
    self.assertEqual(parse_dfxp_time_expr('150ms'), 0.150)
AssertionError: None != 0.15

======================================================================
FAIL: test_minutes_abbreviation_time_expr (tmp.code.TestDFXPTimeExpr)
----------------------------------------------------------------------
Traceback (most recent call last):
  File "/tmp/code.py", line 27, in test_minutes_abbreviation_time_expr
    self.assertEqual(parse_dfxp_time_expr('2m'), 120.0)
AssertionError: None != 120.0

----------------------------------------------------------------------
Ran 2 tests in 0.000s

FAILED (failures=2)

+++++++++++++++++++++++++++++++++++++++++
Generating test to validate hypothesis 7
+++++++++++++++++++++++++++++++++++++++++

Creating test case for hypothesis:
Lack of comments or docstrings for the function. While it's clear from context what it's doing, in a larger project, documenting expected input formats, return values, and potential edge cases is a good practice.
System message:

You are an experienced Python developer.

User message:

Consider this Python function:
```python


def parse_dfxp_time_expr(time_expr):
    if not time_expr:
        return

    mobj = re.match(r'^(?P<time_offset>\d+(?:\.\d+)?)s?$', time_expr)
    if mobj:
        return float(mobj.group('time_offset'))

    mobj = re.match(r'^(\d+):(\d\d):(\d\d(?:\.\d+)?)$', time_expr)
    if mobj:
        return 3600 * int(mobj.group(1)) + 60 * int(mobj.group(2)) + float(mobj.group(3))

```

The function may have a bug:
Lack of comments or docstrings for the function. While it's clear from context what it's doing, in a larger project, documenting expected input formats, return values, and potential edge cases is a good practice.


As context, here are existing tests for the function:
```python

def test_parse_dfxp_time_expr(self):
    self.assertEqual(parse_dfxp_time_expr(None), None)
    self.assertEqual(parse_dfxp_time_expr(''), None)
    self.assertEqual(parse_dfxp_time_expr('0.1'), 0.1)
    self.assertEqual(parse_dfxp_time_expr('0.1s'), 0.1)
    self.assertEqual(parse_dfxp_time_expr('00:00:01'), 1.0)
    self.assertEqual(parse_dfxp_time_expr('00:00:01.100'), 1.1)

```


Complete the following template into a complete, self-contained test case that exposes this bug:
```python
import unittest
from my_module import parse_dfxp_time_expr
# Any other required imports here

# Any mocks or stubs here

class MyTest(unittest.TestCase):
    def test(self):
```

Respond only with Python, i.e., no explanations.
```python

------ Raw answer:
```python
import unittest
import re  # Required import for the function to work

def parse_dfxp_time_expr(time_expr):
    if not time_expr:
        return

    mobj = re.match(r'^(?P<time_offset>\d+(?:\.\d+)?)s?$', time_expr)
    if mobj:
        return float(mobj.group('time_offset'))

    mobj = re.match(r'^(\d+):(\d\d):(\d\d(?:\.\d+)?)$', time_expr)
    if mobj:
        return 3600 * int(mobj.group(1)) + 60 * int(mobj.group(2)) + float(mobj.group(3))

class MyTest(unittest.TestCase):
    def test_parse_dfxp_time_expr_hours_over_99(self):
        """Test for times with hour values over 99"""
        self.assertEqual(parse_dfxp_time_expr('100:00:00'), 360000.0)

if __name__ == '__main__':
    unittest.main()
```
------ Generated test:


def parse_dfxp_time_expr(time_expr):
    if not time_expr:
        return

    mobj = re.match(r'^(?P<time_offset>\d+(?:\.\d+)?)s?$', time_expr)
    if mobj:
        return float(mobj.group('time_offset'))

    mobj = re.match(r'^(\d+):(\d\d):(\d\d(?:\.\d+)?)$', time_expr)
    if mobj:
        return 3600 * int(mobj.group(1)) + 60 * int(mobj.group(2)) + float(mobj.group(3))

import unittest
import re  # Required import for the function to work

class MyTest(unittest.TestCase):
    def test_parse_dfxp_time_expr_hours_over_99(self):
        """Test for times with hour values over 99"""
        self.assertEqual(parse_dfxp_time_expr('100:00:00'), 360000.0)

if __name__ == '__main__':
    unittest.main()

Parsable: True
Command results in:
.
----------------------------------------------------------------------
Ran 1 test in 0.000s

OK

========================= Starting to check scrapy 29 =========================

Fix commit: https://github.com/scrapy/scrapy/commit/8d45b3c4810cb5304ba1193b45697a0df1157326

++++++++++++++++++++++++++++++
Creating hypotheses about bug
++++++++++++++++++++++++++++++

System message:

You are an experienced Python developer.

User message:

Do you see any bugs in this function?
```python


def request_httprepr(request):
    """Return the raw HTTP representation (as bytes) of the given request.
    This is provided only for reference since it's not the actual stream of
    bytes that will be send when performing the request (that's controlled
    by Twisted).
    """
    parsed = urlparse_cached(request)
    path = urlunparse(('', '', parsed.path or '/', parsed.params, parsed.query, ''))
    s = to_bytes(request.method) + b" " + to_bytes(path) + b" HTTP/1.1\r\n"
    s += b"Host: " + to_bytes(parsed.hostname) + b"\r\n"
    if request.headers:
        s += request.headers.to_string() + b"\r\n"
    s += b"\r\n"
    s += request.body
    return s

```

The function is extracted from a larger project.
Assume that all necessary imports, other functions, and global variables are available.
Focus on logic errors and missing corner cases.

As context, here are existing tests for the function:
```python

def test_request_httprepr(self):
    r1 = Request("http://www.example.com")
    self.assertEqual(request_httprepr(r1), b'GET / HTTP/1.1\r\nHost: www.example.com\r\n\r\n')

    r1 = Request("http://www.example.com/some/page.html?arg=1")
    self.assertEqual(request_httprepr(r1), b'GET /some/page.html?arg=1 HTTP/1.1\r\nHost: www.example.com\r\n\r\n')

    r1 = Request("http://www.example.com", method='POST', headers={"Content-type": b"text/html"}, body=b"Some body")
    self.assertEqual(request_httprepr(r1), b'POST / HTTP/1.1\r\nHost: www.example.com\r\nContent-Type: text/html\r\n\r\nSome body')

```


Provide your answer as an enumerated list, with one bug on each line.

1. **Inconsistent Header Representation:** The way headers are added to the string `s` assumes the headers object has a `to_string` method which directly returns a byte string representation of the headers in the desired format. If `request.headers` is a dictionary or another data structure without a `to_string` method, this line will raise an AttributeError. It might be more robust to manually iterate over the headers dictionary and format each header as `key: value`.

2. **Port Ignorance in Host Header:** When the request is made to a URL with a non-default port (other than 80 for HTTP or 443 for HTTPS), the `Host` header should include this port number. This code snippet ignores the port, which could lead to incorrect behavior when interacting with services that rely on the port number being specified in the `Host` header.

3. **Missing Content-Length Header for Body:** In HTTP requests with a body, such as POST or PUT requests, it's a common practice to include a `Content-Length` header indicating the size of the request body. This function adds the request body to the HTTP representation but doesn't automatically calculate or add a `Content-Length` header. This could lead to unexpected behavior or errors when the server tries to read the request body.

4. **Assumption of Byte Conversion without Encoding Specification:** The function `to_bytes` is used to convert method, path, host, and potentially other components to bytes, but without knowing the implementation of `to_bytes`, it's possible that it does not correctly handle the encoding of non-ASCII characters. This could be problematic for URLs (in path or host) with international characters or Unicode content in headers.

5. **UTF-8 Headers in Byte Conversion Assumption:** Assuming that the headers dictionary correctly handles and converts to UTF-8 might not be safe. If `request.headers.to_string()` indeed returns a byte string (assuming the function exists and works correctly), it must ensure that all header values are encoded in UTF-8 or properly encoded according to HTTP standards. 

6. **Security Consideration - Missing HTTPS and SSL Checks:** The function does not distinguish between HTTP and HTTPS in either processing or result. While it mentions Twisted handling the actual transmission, mentioning or handling HTTPS could be relevant for ensuring that secure requests are indeed processed securely or at least annotated/commented for clarity.

7. **Path and Query String Encoding:** The use of `urlunparse` to reconstruct the path and query string does not account for percent-encoding issues that might arise with special characters. Specifically, if `parsed.path` or `parsed.query` contains characters that should be percent-encoded in a URL, this function does not ensure such encoding is correct or preserved as per RFC 3986.

These points highlight areas where the function may behave unexpectedly or incorrectly under certain conditions, based on the provided code and test cases. Adjusting the function to handle these cases would lead to more robust and reliable HTTP request serialization.
